
--- 2026-04-25T10:41:47.053Z debug
🪵  Writing logs to "/home/runner/workspace/.config/.wrangler/logs/wrangler-2026-04-25_10-41-46_947.log"
---

--- 2026-04-25T10:41:47.053Z log

Cloudflare collects anonymous telemetry about your usage of Wrangler. Learn more at https://github.com/cloudflare/workers-sdk/tree/main/packages/wrangler/telemetry.md
---

--- 2026-04-25T10:41:47.057Z debug
Metrics dispatcher: Posting data {"deviceId":"7c1709f8-4e22-4ea0-922b-9cff3ec2c518","event":"wrangler command started","timestamp":1777113707057,"properties":{"amplitude_session_id":1777113707052,"amplitude_event_id":0,"wranglerVersion":"3.114.17","osPlatform":"Linux","osVersion":"#1-NixOS SMP PREEMPT_DYNAMIC Tue Jan  1 00:00:00 UTC 1980","nodeVersion":24,"packageManager":"pnpm","isFirstUsage":false,"configFileType":"toml","isCI":false,"isPagesCI":false,"isWorkersCI":false,"isInteractive":true,"hasAssets":false,"argsUsed":["ip","port"],"argsCombination":"ip, port","command":"wrangler dev","args":{}}}
---

--- 2026-04-25T10:41:47.065Z debug
.env file not found at ".env". Continuing... For more details, refer to https://developers.cloudflare.com/workers/wrangler/system-environment-variables/
---

--- 2026-04-25T10:41:47.095Z log

 ⛅️ wrangler 3.114.17 (update available 4.85.0)
---------------------------------------------------------

---

--- 2026-04-25T10:41:47.146Z warn
▲ [WARNING] The version of Wrangler you are using is now out-of-date.

  Please update to the latest version to prevent critical errors.
  Run `npm install --save-dev wrangler@4` to update to the latest version.
  After installation, run Wrangler with `npx wrangler`.


---

--- 2026-04-25T10:41:47.172Z debug
.env file not found at ".dev.vars". Continuing... For more details, refer to https://developers.cloudflare.com/workers/wrangler/system-environment-variables/
---

--- 2026-04-25T10:41:47.173Z log
No bindings found.
---

--- 2026-04-25T10:41:47.291Z debug
RemoteRuntimeController teardown beginning...
---

--- 2026-04-25T10:41:47.291Z debug
RemoteRuntimeController teardown complete
---

--- 2026-04-25T10:41:47.292Z log
⎔ Starting local server...
---

--- 2026-04-25T10:41:47.356Z debug
[InspectorProxyWorker] handleProxyControllerIncomingMessage {"type":"reloadStart"}
---

--- 2026-04-25T10:41:47.410Z debug
[InspectorProxyWorker] handleProxyControllerIncomingMessage {"type":"reloadComplete","proxyData":{"userWorkerUrl":{"protocol":"http:","hostname":"127.0.0.1","port":"35017"},"userWorkerInspectorUrl":{"protocol":"ws:","hostname":"127.0.0.1","port":"34033","pathname":"/core:user:ott-extractor"},"userWorkerInnerUrlOverrides":{"protocol":"http:"},"headers":{"MF-Proxy-Shared-Secret":"220b3c86-d697-43f1-9c9d-62ff0fe4f0ed"},"liveReload":false,"proxyLogsToController":false,"internalDurableObjects":[],"entrypointAddresses":{"default":{"host":"127.0.0.1","port":43471}}}}
---

--- 2026-04-25T10:41:47.413Z debug
[InspectorProxyWorker] reconnectRuntimeWebSocket
---

--- 2026-04-25T10:41:47.415Z debug
[InspectorProxyWorker] NEW RUNTIME WEBSOCKET http://127.0.0.1:34033/core:user:ott-extractor
---

--- 2026-04-25T10:41:47.416Z debug
[InspectorProxyWorker] SEND TO DEVTOOLS {"method":"Runtime.executionContextsCleared"}
---

--- 2026-04-25T10:41:47.418Z debug
[InspectorProxyWorker] RUNTIME WEBSOCKET OPENED
---

--- 2026-04-25T10:41:47.419Z debug
[InspectorProxyWorker] SEND TO RUNTIME {"method":"Runtime.enable","id":100000001}
---

--- 2026-04-25T10:41:47.420Z debug
[InspectorProxyWorker] SEND TO RUNTIME {"method":"Debugger.enable","id":100000002}
---

--- 2026-04-25T10:41:47.420Z debug
[InspectorProxyWorker] SEND TO RUNTIME {"method":"Network.enable","id":100000003}
---

--- 2026-04-25T10:41:47.422Z debug
[InspectorProxyWorker] RUNTIME INCOMING MESSAGE {
  method: 'Runtime.executionContextCreated',
  params: {
    context: {
      id: 195967809,
      origin: '',
      name: 'Worker',
      uniqueId: '-8547850888514354675.-7292090037705120614'
    }
  }
}
---

--- 2026-04-25T10:41:47.423Z debug
[InspectorProxyWorker] RUNTIME INCOMING MESSAGE { id: 100000001, result: {} }
---

--- 2026-04-25T10:41:47.433Z debug
[InspectorProxyWorker] RUNTIME INCOMING MESSAGE {
  method: 'Debugger.scriptParsed',
  params: {
    scriptId: '3',
    url: 'file:///home/runner/workspace/workers/extractor/.wrangler/tmp/dev-D7z6IK/index.js',
    startLine: 0,
    startColumn: 0,
    endLine: 1193,
    endColumn: 95,
    executionContextId: 195967809,
    hash: '95511ec04b52cee96d888b450709d074e1c7f569c6991747c3740bee64f6d7c9',
    buildId: '',
    isLiveEdit: false,
    sourceMapURL: 'index.js.map',
    hasSourceURL: true,
    isModule: true,
    length: 30855,
    scriptLanguage: 'JavaScript',
    embedderName: 'index.js'
  }
}
---

--- 2026-04-25T10:41:47.434Z debug
[InspectorProxyWorker] RUNTIME INCOMING MESSAGE {
  method: 'Debugger.scriptParsed',
  params: {
    scriptId: '4',
    url: 'node:stream',
    startLine: 0,
    startColumn: 0,
    endLine: 79,
    endColumn: 0,
    executionContextId: 195967809,
    hash: '9e7ca4b23e0ce08692926d1fe46f9c39ca3463ba17d6d5483a8c604e9465e5c4',
    buildId: '',
    isLiveEdit: false,
    sourceMapURL: '',
    hasSourceURL: false,
    isModule: true,
    length: 2096,
    scriptLanguage: 'JavaScript',
    embedderName: 'node:stream'
  }
}
---

--- 2026-04-25T10:41:47.435Z debug
[InspectorProxyWorker] RUNTIME INCOMING MESSAGE {
  method: 'Debugger.scriptParsed',
  params: {
    scriptId: '5',
    url: 'node:events',
    startLine: 0,
    startColumn: 0,
    endLine: 6,
    endColumn: 0,
    executionContextId: 195967809,
    hash: 'a65a3cd6cc39ee3536ce5eb0ad88d6947a2c69b7b96ed288248a2d28cc5de598',
    buildId: '',
    isLiveEdit: false,
    sourceMapURL: '',
    hasSourceURL: false,
    isModule: true,
    length: 257,
    scriptLanguage: 'JavaScript',
    embedderName: 'node:events'
  }
}
---

--- 2026-04-25T10:41:47.435Z debug
[InspectorProxyWorker] RUNTIME INCOMING MESSAGE {
  method: 'Debugger.scriptParsed',
  params: {
    scriptId: '6',
    url: 'node:net',
    startLine: 0,
    startColumn: 0,
    endLine: 45,
    endColumn: 0,
    executionContextId: 195967809,
    hash: '322a29be1330beedbccae6126798e10a7eb727d3a8ce5e66304b56afa3203f9a',
    buildId: '',
    isLiveEdit: false,
    sourceMapURL: '',
    hasSourceURL: false,
    isModule: true,
    length: 2275,
    scriptLanguage: 'JavaScript',
    embedderName: 'node:net'
  }
}
---

--- 2026-04-25T10:41:47.437Z debug
[InspectorProxyWorker] RUNTIME INCOMING MESSAGE {
  method: 'Debugger.scriptParsed',
  params: {
    scriptId: '7',
    url: 'node-internal:streams_pipeline',
    startLine: 0,
    startColumn: 0,
    endLine: 433,
    endColumn: 0,
    executionContextId: 195967809,
    hash: '054dd6d4f8a5f7ff6d6abe8c95b7dbb8ae5eb715b09394acbce243e5f469671e',
    buildId: '',
    isLiveEdit: false,
    sourceMapURL: '',
    hasSourceURL: false,
    isModule: true,
    length: 11773,
    scriptLanguage: 'JavaScript',
    embedderName: 'node-internal:streams_pipeline'
  }
}
---

--- 2026-04-25T10:41:47.437Z debug
[InspectorProxyWorker] RUNTIME INCOMING MESSAGE {
  method: 'Debugger.scriptParsed',
  params: {
    scriptId: '8',
    url: 'node-internal:streams_util',
    startLine: 0,
    startColumn: 0,
    endLine: 1138,
    endColumn: 0,
    executionContextId: 195967809,
    hash: '68694d27d2e55d4ef0e94a7ae14b10d313a065e55549de9cd0255e1b266db568',
    buildId: '',
    isLiveEdit: false,
    sourceMapURL: '',
    hasSourceURL: false,
    isModule: true,
    length: 30799,
    scriptLanguage: 'JavaScript',
    embedderName: 'node-internal:streams_util'
  }
}
---

--- 2026-04-25T10:41:47.438Z debug
[InspectorProxyWorker] RUNTIME INCOMING MESSAGE {
  method: 'Debugger.scriptParsed',
  params: {
    scriptId: '9',
    url: 'node-internal:streams_compose',
    startLine: 0,
    startColumn: 0,
    endLine: 192,
    endColumn: 0,
    executionContextId: 195967809,
    hash: '2b4073544f727b23013089824002cb6107a461463a69dd4bdbb6b8fd95a46106',
    buildId: '',
    isLiveEdit: false,
    sourceMapURL: '',
    hasSourceURL: false,
    isModule: true,
    length: 5173,
    scriptLanguage: 'JavaScript',
    embedderName: 'node-internal:streams_compose'
  }
}
---

--- 2026-04-25T10:41:47.439Z debug
[InspectorProxyWorker] RUNTIME INCOMING MESSAGE {
  method: 'Debugger.scriptParsed',
  params: {
    scriptId: '10',
    url: 'node-internal:streams_legacy',
    startLine: 0,
    startColumn: 0,
    endLine: 111,
    endColumn: 0,
    executionContextId: 195967809,
    hash: '10837c2d5e33357f3b62c0725ef4f280fe5097cbbdbc2fe084d8f6e7972e5665',
    buildId: '',
    isLiveEdit: false,
    sourceMapURL: '',
    hasSourceURL: false,
    isModule: true,
    length: 3822,
    scriptLanguage: 'JavaScript',
    embedderName: 'node-internal:streams_legacy'
  }
}
---

--- 2026-04-25T10:41:47.440Z debug
[InspectorProxyWorker] RUNTIME INCOMING MESSAGE {
  method: 'Debugger.scriptParsed',
  params: {
    scriptId: '11',
    url: 'node-internal:streams_writable',
    startLine: 0,
    startColumn: 0,
    endLine: 880,
    endColumn: 0,
    executionContextId: 195967809,
    hash: '266af6f616c6faab4d9857769afd3166f60e97a1dcfad44df39aecd223316d85',
    buildId: '',
    isLiveEdit: false,
    sourceMapURL: '',
    hasSourceURL: false,
    isModule: true,
    length: 25889,
    scriptLanguage: 'JavaScript',
    embedderName: 'node-internal:streams_writable'
  }
}
---

--- 2026-04-25T10:41:47.440Z debug
[InspectorProxyWorker] RUNTIME INCOMING MESSAGE {
  method: 'Debugger.scriptParsed',
  params: {
    scriptId: '12',
    url: 'node-internal:streams_readable',
    startLine: 0,
    startColumn: 0,
    endLine: 1858,
    endColumn: 0,
    executionContextId: 195967809,
    hash: '01aced5abdc8985e61f1054665813ae14f5338817b3f1141cc9e709e60fdff44',
    buildId: '',
    isLiveEdit: false,
    sourceMapURL: '',
    hasSourceURL: false,
    isModule: true,
    length: 54376,
    scriptLanguage: 'JavaScript',
    embedderName: 'node-internal:streams_readable'
  }
}
---

--- 2026-04-25T10:41:47.442Z debug
[InspectorProxyWorker] RUNTIME INCOMING MESSAGE {
  method: 'Debugger.scriptParsed',
  params: {
    scriptId: '13',
    url: 'node-internal:streams_duplex',
    startLine: 0,
    startColumn: 0,
    endLine: 655,
    endColumn: 0,
    executionContextId: 195967809,
    hash: '5f4ff16812d98f27c9546daafdea6bd4e503b672bf77208fdfc6de9b971d20ae',
    buildId: '',
    isLiveEdit: false,
    sourceMapURL: '',
    hasSourceURL: false,
    isModule: true,
    length: 16340,
    scriptLanguage: 'JavaScript',
    embedderName: 'node-internal:streams_duplex'
  }
}
---

--- 2026-04-25T10:41:47.442Z debug
[InspectorProxyWorker] RUNTIME INCOMING MESSAGE {
  method: 'Debugger.scriptParsed',
  params: {
    scriptId: '14',
    url: 'node-internal:streams_transform',
    startLine: 0,
    startColumn: 0,
    endLine: 214,
    endColumn: 0,
    executionContextId: 195967809,
    hash: '28c554b61cf0fabca545a589ea5e6676df9887ed1b3a0513eed74dbc9259af82',
    buildId: '',
    isLiveEdit: false,
    sourceMapURL: '',
    hasSourceURL: false,
    isModule: true,
    length: 7750,
    scriptLanguage: 'JavaScript',
    embedderName: 'node-internal:streams_transform'
  }
}
---

--- 2026-04-25T10:41:47.443Z debug
[InspectorProxyWorker] RUNTIME INCOMING MESSAGE {
  method: 'Debugger.scriptParsed',
  params: {
    scriptId: '15',
    url: 'node-internal:streams_promises',
    startLine: 0,
    startColumn: 0,
    endLine: 70,
    endColumn: 0,
    executionContextId: 195967809,
    hash: '061dac04c1510c1f7dceba87c10b7b6213f7e5eba0f2f545b4db97f9fcff3ed3',
    buildId: '',
    isLiveEdit: false,
    sourceMapURL: '',
    hasSourceURL: false,
    isModule: true,
    length: 2224,
    scriptLanguage: 'JavaScript',
    embedderName: 'node-internal:streams_promises'
  }
}
---

--- 2026-04-25T10:41:47.444Z debug
[InspectorProxyWorker] RUNTIME INCOMING MESSAGE {
  method: 'Debugger.scriptParsed',
  params: {
    scriptId: '16',
    url: 'node-internal:legacy_process',
    startLine: 0,
    startColumn: 0,
    endLine: 26,
    endColumn: 0,
    executionContextId: 195967809,
    hash: '07654154e7bffa2a8849b49dbfe0459166ebea63c51233ee7bd70c4f6f45e466',
    buildId: '',
    isLiveEdit: false,
    sourceMapURL: '',
    hasSourceURL: false,
    isModule: true,
    length: 901,
    scriptLanguage: 'JavaScript',
    embedderName: 'node-internal:legacy_process'
  }
}
---

--- 2026-04-25T10:41:47.444Z debug
[InspectorProxyWorker] RUNTIME INCOMING MESSAGE {
  method: 'Debugger.scriptParsed',
  params: {
    scriptId: '17',
    url: 'node-internal:internal_errors',
    startLine: 0,
    startColumn: 0,
    endLine: 721,
    endColumn: 0,
    executionContextId: 195967809,
    hash: 'e9208449ab1de6ac8a257bfdfee18e10d4bd91d23c3da948b89430884ac0bc3d',
    buildId: '',
    isLiveEdit: false,
    sourceMapURL: '',
    hasSourceURL: false,
    isModule: true,
    length: 24773,
    scriptLanguage: 'JavaScript',
    embedderName: 'node-internal:internal_errors'
  }
}
---

--- 2026-04-25T10:41:47.445Z debug
[InspectorProxyWorker] RUNTIME INCOMING MESSAGE {
  method: 'Debugger.scriptParsed',
  params: {
    scriptId: '18',
    url: 'node-internal:validators',
    startLine: 0,
    startColumn: 0,
    endLine: 264,
    endColumn: 0,
    executionContextId: 195967809,
    hash: '1d1ec32fb699dc740faf4554e6177fac0a9fa095f801e54fa2f3e3cb9410a405',
    buildId: '',
    isLiveEdit: false,
    sourceMapURL: '',
    hasSourceURL: false,
    isModule: true,
    length: 10302,
    scriptLanguage: 'JavaScript',
    embedderName: 'node-internal:validators'
  }
}
---

--- 2026-04-25T10:41:47.445Z debug
[InspectorProxyWorker] RUNTIME INCOMING MESSAGE {
  method: 'Debugger.scriptParsed',
  params: {
    scriptId: '19',
    url: 'node-internal:events',
    startLine: 0,
    startColumn: 0,
    endLine: 779,
    endColumn: 0,
    executionContextId: 195967809,
    hash: 'e14d26f9e219d8f263d26fb32e62d4240d16319671629dce66e21fd29a0ffd9c',
    buildId: '',
    isLiveEdit: false,
    sourceMapURL: '',
    hasSourceURL: false,
    isModule: true,
    length: 28174,
    scriptLanguage: 'JavaScript',
    embedderName: 'node-internal:events'
  }
}
---

--- 2026-04-25T10:41:47.446Z debug
[InspectorProxyWorker] RUNTIME INCOMING MESSAGE {
  method: 'Debugger.scriptParsed',
  params: {
    scriptId: '20',
    url: 'node-internal:internal_buffer',
    startLine: 0,
    startColumn: 0,
    endLine: 1802,
    endColumn: 0,
    executionContextId: 195967809,
    hash: '592cb26c49fa065830299af5535a911d47dc7c93be002dbdc2a00bbbf0bb6bae',
    buildId: '',
    isLiveEdit: false,
    sourceMapURL: '',
    hasSourceURL: false,
    isModule: true,
    length: 62940,
    scriptLanguage: 'JavaScript',
    embedderName: 'node-internal:internal_buffer'
  }
}
---

--- 2026-04-25T10:41:47.457Z debug
[InspectorProxyWorker] RUNTIME INCOMING MESSAGE {
  method: 'Debugger.scriptParsed',
  params: {
    scriptId: '21',
    url: 'node-internal:internal_utils',
    startLine: 0,
    startColumn: 0,
    endLine: 328,
    endColumn: 0,
    executionContextId: 195967809,
    hash: '8cad89c88f5de314f899989330780c50119237eb02066a22964507d4c66f9fd0',
    buildId: '',
    isLiveEdit: false,
    sourceMapURL: '',
    hasSourceURL: false,
    isModule: true,
    length: 12493,
    scriptLanguage: 'JavaScript',
    embedderName: 'node-internal:internal_utils'
  }
}
---

--- 2026-04-25T10:41:47.458Z debug
[InspectorProxyWorker] RUNTIME INCOMING MESSAGE {
  method: 'Debugger.scriptParsed',
  params: {
    scriptId: '22',
    url: 'node-internal:internal_process',
    startLine: 0,
    startColumn: 0,
    endLine: 250,
    endColumn: 0,
    executionContextId: 195967809,
    hash: 'd7188316da12a687add31348b7a359e4baa9e2ee37e1ca4edc4dc90c904dbb84',
    buildId: '',
    isLiveEdit: false,
    sourceMapURL: '',
    hasSourceURL: false,
    isModule: true,
    length: 12077,
    scriptLanguage: 'JavaScript',
    embedderName: 'node-internal:internal_process'
  }
}
---

--- 2026-04-25T10:41:47.459Z debug
[InspectorProxyWorker] RUNTIME INCOMING MESSAGE {
  method: 'Debugger.scriptParsed',
  params: {
    scriptId: '23',
    url: 'node-internal:internal_inspect',
    startLine: 0,
    startColumn: 0,
    endLine: 2475,
    endColumn: 0,
    executionContextId: 195967809,
    hash: '5da4bbb38f98fe06d6bfca446e383f5e59009469ef9aa1e8d228972e6864bb98',
    buildId: '',
    isLiveEdit: false,
    sourceMapURL: '',
    hasSourceURL: false,
    isModule: true,
    length: 94471,
    scriptLanguage: 'JavaScript',
    embedderName: 'node-internal:internal_inspect'
  }
}
---

--- 2026-04-25T10:41:47.459Z debug
[InspectorProxyWorker] RUNTIME INCOMING MESSAGE {
  method: 'Debugger.scriptParsed',
  params: {
    scriptId: '24',
    url: 'node-internal:internal_types',
    startLine: 0,
    startColumn: 0,
    endLine: 118,
    endColumn: 0,
    executionContextId: 195967809,
    hash: '65cc7262d944441d3188f24d27e046aa7b782eac144463a59ba551a76f3ce4c4',
    buildId: '',
    isLiveEdit: false,
    sourceMapURL: '',
    hasSourceURL: false,
    isModule: true,
    length: 5251,
    scriptLanguage: 'JavaScript',
    embedderName: 'node-internal:internal_types'
  }
}
---

--- 2026-04-25T10:41:47.460Z debug
[InspectorProxyWorker] RUNTIME INCOMING MESSAGE {
  method: 'Debugger.scriptParsed',
  params: {
    scriptId: '25',
    url: 'node-internal:crypto_util',
    startLine: 0,
    startColumn: 0,
    endLine: 95,
    endColumn: 0,
    executionContextId: 195967809,
    hash: 'e782db88b566a35b9be61cd3053e043056ef86b913c3f51274d1ab12b1d9c5b0',
    buildId: '',
    isLiveEdit: false,
    sourceMapURL: '',
    hasSourceURL: false,
    isModule: true,
    length: 3973,
    scriptLanguage: 'JavaScript',
    embedderName: 'node-internal:crypto_util'
  }
}
---

--- 2026-04-25T10:41:47.460Z debug
[InspectorProxyWorker] RUNTIME INCOMING MESSAGE {
  method: 'Debugger.scriptParsed',
  params: {
    scriptId: '26',
    url: 'node-internal:internal_assert',
    startLine: 0,
    startColumn: 0,
    endLine: 671,
    endColumn: 0,
    executionContextId: 195967809,
    hash: 'a0c18e778b5996d1fdfce702491cceb519898328051cfa4631d88321bd1a28e3',
    buildId: '',
    isLiveEdit: false,
    sourceMapURL: '',
    hasSourceURL: false,
    isModule: true,
    length: 21960,
    scriptLanguage: 'JavaScript',
    embedderName: 'node-internal:internal_assert'
  }
}
---

--- 2026-04-25T10:41:47.461Z debug
[InspectorProxyWorker] RUNTIME INCOMING MESSAGE {
  method: 'Debugger.scriptParsed',
  params: {
    scriptId: '27',
    url: 'node-internal:streams_adapters',
    startLine: 0,
    startColumn: 0,
    endLine: 776,
    endColumn: 0,
    executionContextId: 195967809,
    hash: 'de6a59c5e3a7ad6c2329a34e8a82c33b45fdc5168c7895a72902a8652f8f8112',
    buildId: '',
    isLiveEdit: false,
    sourceMapURL: '',
    hasSourceURL: false,
    isModule: true,
    length: 21007,
    scriptLanguage: 'JavaScript',
    embedderName: 'node-internal:streams_adapters'
  }
}
---

--- 2026-04-25T10:41:47.462Z debug
[InspectorProxyWorker] RUNTIME INCOMING MESSAGE {
  method: 'Debugger.scriptParsed',
  params: {
    scriptId: '28',
    url: 'node-internal:internal_stringdecoder',
    startLine: 0,
    startColumn: 0,
    endLine: 128,
    endColumn: 0,
    executionContextId: 195967809,
    hash: '37a9e6c3a32fe257422cfc8c94dc4a5ac3180eb81c740806b00e8772ffc1839c',
    buildId: '',
    isLiveEdit: false,
    sourceMapURL: '',
    hasSourceURL: false,
    isModule: true,
    length: 4707,
    scriptLanguage: 'JavaScript',
    embedderName: 'node-internal:internal_stringdecoder'
  }
}
---

--- 2026-04-25T10:41:47.462Z debug
[InspectorProxyWorker] RUNTIME INCOMING MESSAGE {
  method: 'Debugger.scriptParsed',
  params: {
    scriptId: '29',
    url: 'node-internal:internal_assertionerror',
    startLine: 0,
    startColumn: 0,
    endLine: 467,
    endColumn: 0,
    executionContextId: 195967809,
    hash: 'c8ec9bae7e8a61e4a461ddd579e6d28e1b56a9814b54f85111d9929eb21d7fb1',
    buildId: '',
    isLiveEdit: false,
    sourceMapURL: '',
    hasSourceURL: false,
    isModule: true,
    length: 20078,
    scriptLanguage: 'JavaScript',
    embedderName: 'node-internal:internal_assertionerror'
  }
}
---

--- 2026-04-25T10:41:47.463Z debug
[InspectorProxyWorker] RUNTIME INCOMING MESSAGE {
  method: 'Debugger.scriptParsed',
  params: {
    scriptId: '30',
    url: 'node-internal:internal_diffs',
    startLine: 0,
    startColumn: 0,
    endLine: 316,
    endColumn: 0,
    executionContextId: 195967809,
    hash: '7776d45746451492cb0e50d7c92b2fa6f0d2c95fc181797c5691918f003b05da',
    buildId: '',
    isLiveEdit: false,
    sourceMapURL: '',
    hasSourceURL: false,
    isModule: true,
    length: 10984,
    scriptLanguage: 'JavaScript',
    embedderName: 'node-internal:internal_diffs'
  }
}
---

--- 2026-04-25T10:41:47.464Z debug
[InspectorProxyWorker] RUNTIME INCOMING MESSAGE {
  method: 'Debugger.scriptParsed',
  params: {
    scriptId: '31',
    url: 'node-internal:internal_comparisons',
    startLine: 0,
    startColumn: 0,
    endLine: 522,
    endColumn: 0,
    executionContextId: 195967809,
    hash: '28c414eba5fc3dc275b952cdf56dde62c57058db4e4d345bc2549e7d8c24ccc3',
    buildId: '',
    isLiveEdit: false,
    sourceMapURL: '',
    hasSourceURL: false,
    isModule: true,
    length: 19181,
    scriptLanguage: 'JavaScript',
    embedderName: 'node-internal:internal_comparisons'
  }
}
---

--- 2026-04-25T10:41:47.464Z debug
[InspectorProxyWorker] RUNTIME INCOMING MESSAGE {
  method: 'Debugger.scriptParsed',
  params: {
    scriptId: '32',
    url: 'node-internal:internal_net',
    startLine: 0,
    startColumn: 0,
    endLine: 1198,
    endColumn: 0,
    executionContextId: 195967809,
    hash: '76c250b0cc6ce7a96051a47d2f0460b4045202a329dc8f526bb623d42ba927d5',
    buildId: '',
    isLiveEdit: false,
    sourceMapURL: '',
    hasSourceURL: false,
    isModule: true,
    length: 44259,
    scriptLanguage: 'JavaScript',
    embedderName: 'node-internal:internal_net'
  }
}
---

--- 2026-04-25T10:41:47.465Z debug
[InspectorProxyWorker] RUNTIME INCOMING MESSAGE {
  id: 100000002,
  result: { debuggerId: '4437728199175045544.-4267059466513524136' }
}
---

--- 2026-04-25T10:41:47.465Z debug
[InspectorProxyWorker] RUNTIME INCOMING MESSAGE { id: 100000003, method: 'Network.enable', result: {} }
---

--- 2026-04-25T10:41:57.410Z debug
[InspectorProxyWorker] SEND TO RUNTIME {"method":"Runtime.getIsolateId","id":100000004}
---

--- 2026-04-25T10:41:57.411Z debug
[InspectorProxyWorker] RUNTIME INCOMING MESSAGE { id: 100000004, result: { id: '8fa19100416b3c91' } }
---

--- 2026-04-25T10:42:07.414Z debug
[InspectorProxyWorker] SEND TO RUNTIME {"method":"Runtime.getIsolateId","id":100000005}
---

--- 2026-04-25T10:42:07.415Z debug
[InspectorProxyWorker] RUNTIME INCOMING MESSAGE { id: 100000005, result: { id: '8fa19100416b3c91' } }
---

--- 2026-04-25T10:42:17.410Z debug
[InspectorProxyWorker] SEND TO RUNTIME {"method":"Runtime.getIsolateId","id":100000006}
---

--- 2026-04-25T10:42:17.411Z debug
[InspectorProxyWorker] RUNTIME INCOMING MESSAGE { id: 100000006, result: { id: '8fa19100416b3c91' } }
---

--- 2026-04-25T10:42:27.414Z debug
[InspectorProxyWorker] SEND TO RUNTIME {"method":"Runtime.getIsolateId","id":100000007}
---

--- 2026-04-25T10:42:27.415Z debug
[InspectorProxyWorker] RUNTIME INCOMING MESSAGE { id: 100000007, result: { id: '8fa19100416b3c91' } }
---

--- 2026-04-25T10:42:37.414Z debug
[InspectorProxyWorker] SEND TO RUNTIME {"method":"Runtime.getIsolateId","id":100000008}
---

--- 2026-04-25T10:42:37.415Z debug
[InspectorProxyWorker] RUNTIME INCOMING MESSAGE { id: 100000008, result: { id: '8fa19100416b3c91' } }
---

--- 2026-04-25T10:42:47.414Z debug
[InspectorProxyWorker] SEND TO RUNTIME {"method":"Runtime.getIsolateId","id":100000009}
---

--- 2026-04-25T10:42:47.415Z debug
[InspectorProxyWorker] RUNTIME INCOMING MESSAGE { id: 100000009, result: { id: '8fa19100416b3c91' } }
---

--- 2026-04-25T10:42:57.414Z debug
[InspectorProxyWorker] SEND TO RUNTIME {"method":"Runtime.getIsolateId","id":100000010}
---

--- 2026-04-25T10:42:57.414Z debug
[InspectorProxyWorker] RUNTIME INCOMING MESSAGE { id: 100000010, result: { id: '8fa19100416b3c91' } }
---

--- 2026-04-25T10:43:07.414Z debug
[InspectorProxyWorker] SEND TO RUNTIME {"method":"Runtime.getIsolateId","id":100000011}
---

--- 2026-04-25T10:43:07.415Z debug
[InspectorProxyWorker] RUNTIME INCOMING MESSAGE { id: 100000011, result: { id: '8fa19100416b3c91' } }
---

--- 2026-04-25T10:43:17.416Z debug
[InspectorProxyWorker] SEND TO RUNTIME {"method":"Runtime.getIsolateId","id":100000012}
---

--- 2026-04-25T10:43:17.417Z debug
[InspectorProxyWorker] RUNTIME INCOMING MESSAGE { id: 100000012, result: { id: '8fa19100416b3c91' } }
---

--- 2026-04-25T10:43:27.410Z debug
[InspectorProxyWorker] SEND TO RUNTIME {"method":"Runtime.getIsolateId","id":100000013}
---

--- 2026-04-25T10:43:27.412Z debug
[InspectorProxyWorker] RUNTIME INCOMING MESSAGE { id: 100000013, result: { id: '8fa19100416b3c91' } }
---

--- 2026-04-25T10:43:37.414Z debug
[InspectorProxyWorker] SEND TO RUNTIME {"method":"Runtime.getIsolateId","id":100000014}
---

--- 2026-04-25T10:43:37.414Z debug
[InspectorProxyWorker] RUNTIME INCOMING MESSAGE { id: 100000014, result: { id: '8fa19100416b3c91' } }
---

--- 2026-04-25T10:43:47.414Z debug
[InspectorProxyWorker] SEND TO RUNTIME {"method":"Runtime.getIsolateId","id":100000015}
---

--- 2026-04-25T10:43:47.415Z debug
[InspectorProxyWorker] RUNTIME INCOMING MESSAGE { id: 100000015, result: { id: '8fa19100416b3c91' } }
---

--- 2026-04-25T10:43:57.414Z debug
[InspectorProxyWorker] SEND TO RUNTIME {"method":"Runtime.getIsolateId","id":100000016}
---

--- 2026-04-25T10:43:57.415Z debug
[InspectorProxyWorker] RUNTIME INCOMING MESSAGE { id: 100000016, result: { id: '8fa19100416b3c91' } }
---

--- 2026-04-25T10:44:07.414Z debug
[InspectorProxyWorker] SEND TO RUNTIME {"method":"Runtime.getIsolateId","id":100000017}
---

--- 2026-04-25T10:44:07.415Z debug
[InspectorProxyWorker] RUNTIME INCOMING MESSAGE { id: 100000017, result: { id: '8fa19100416b3c91' } }
---

--- 2026-04-25T10:44:17.414Z debug
[InspectorProxyWorker] SEND TO RUNTIME {"method":"Runtime.getIsolateId","id":100000018}
---

--- 2026-04-25T10:44:17.415Z debug
[InspectorProxyWorker] RUNTIME INCOMING MESSAGE { id: 100000018, result: { id: '8fa19100416b3c91' } }
---

--- 2026-04-25T10:44:27.414Z debug
[InspectorProxyWorker] SEND TO RUNTIME {"method":"Runtime.getIsolateId","id":100000019}
---

--- 2026-04-25T10:44:27.414Z debug
[InspectorProxyWorker] RUNTIME INCOMING MESSAGE { id: 100000019, result: { id: '8fa19100416b3c91' } }
---

--- 2026-04-25T10:44:37.412Z debug
[InspectorProxyWorker] SEND TO RUNTIME {"method":"Runtime.getIsolateId","id":100000020}
---

--- 2026-04-25T10:44:37.414Z debug
[InspectorProxyWorker] RUNTIME INCOMING MESSAGE { id: 100000020, result: { id: '8fa19100416b3c91' } }
---

--- 2026-04-25T10:44:47.414Z debug
[InspectorProxyWorker] SEND TO RUNTIME {"method":"Runtime.getIsolateId","id":100000021}
---

--- 2026-04-25T10:44:47.415Z debug
[InspectorProxyWorker] RUNTIME INCOMING MESSAGE { id: 100000021, result: { id: '8fa19100416b3c91' } }
---

--- 2026-04-25T10:44:57.411Z debug
[InspectorProxyWorker] SEND TO RUNTIME {"method":"Runtime.getIsolateId","id":100000022}
---

--- 2026-04-25T10:44:57.412Z debug
[InspectorProxyWorker] RUNTIME INCOMING MESSAGE { id: 100000022, result: { id: '8fa19100416b3c91' } }
---

--- 2026-04-25T10:45:07.414Z debug
[InspectorProxyWorker] SEND TO RUNTIME {"method":"Runtime.getIsolateId","id":100000023}
---

--- 2026-04-25T10:45:07.414Z debug
[InspectorProxyWorker] RUNTIME INCOMING MESSAGE { id: 100000023, result: { id: '8fa19100416b3c91' } }
---

--- 2026-04-25T10:45:17.412Z debug
[InspectorProxyWorker] SEND TO RUNTIME {"method":"Runtime.getIsolateId","id":100000024}
---

--- 2026-04-25T10:45:17.413Z debug
[InspectorProxyWorker] RUNTIME INCOMING MESSAGE { id: 100000024, result: { id: '8fa19100416b3c91' } }
---

--- 2026-04-25T10:45:27.414Z debug
[InspectorProxyWorker] SEND TO RUNTIME {"method":"Runtime.getIsolateId","id":100000025}
---

--- 2026-04-25T10:45:27.415Z debug
[InspectorProxyWorker] RUNTIME INCOMING MESSAGE { id: 100000025, result: { id: '8fa19100416b3c91' } }
---

--- 2026-04-25T10:45:37.414Z debug
[InspectorProxyWorker] SEND TO RUNTIME {"method":"Runtime.getIsolateId","id":100000026}
---

--- 2026-04-25T10:45:37.414Z debug
[InspectorProxyWorker] RUNTIME INCOMING MESSAGE { id: 100000026, result: { id: '8fa19100416b3c91' } }
---

--- 2026-04-25T10:45:47.413Z debug
[InspectorProxyWorker] SEND TO RUNTIME {"method":"Runtime.getIsolateId","id":100000027}
---

--- 2026-04-25T10:45:47.415Z debug
[InspectorProxyWorker] RUNTIME INCOMING MESSAGE { id: 100000027, result: { id: '8fa19100416b3c91' } }
---

--- 2026-04-25T10:45:57.413Z debug
[InspectorProxyWorker] SEND TO RUNTIME {"method":"Runtime.getIsolateId","id":100000028}
---

--- 2026-04-25T10:45:57.414Z debug
[InspectorProxyWorker] RUNTIME INCOMING MESSAGE { id: 100000028, result: { id: '8fa19100416b3c91' } }
---

--- 2026-04-25T10:46:07.414Z debug
[InspectorProxyWorker] SEND TO RUNTIME {"method":"Runtime.getIsolateId","id":100000029}
---

--- 2026-04-25T10:46:07.414Z debug
[InspectorProxyWorker] RUNTIME INCOMING MESSAGE { id: 100000029, result: { id: '8fa19100416b3c91' } }
---

--- 2026-04-25T10:46:17.414Z debug
[InspectorProxyWorker] SEND TO RUNTIME {"method":"Runtime.getIsolateId","id":100000030}
---

--- 2026-04-25T10:46:17.415Z debug
[InspectorProxyWorker] RUNTIME INCOMING MESSAGE { id: 100000030, result: { id: '8fa19100416b3c91' } }
---

--- 2026-04-25T10:46:27.412Z debug
[InspectorProxyWorker] SEND TO RUNTIME {"method":"Runtime.getIsolateId","id":100000031}
---

--- 2026-04-25T10:46:27.413Z debug
[InspectorProxyWorker] RUNTIME INCOMING MESSAGE { id: 100000031, result: { id: '8fa19100416b3c91' } }
---

--- 2026-04-25T10:46:37.415Z debug
[InspectorProxyWorker] SEND TO RUNTIME {"method":"Runtime.getIsolateId","id":100000032}
---

--- 2026-04-25T10:46:37.416Z debug
[InspectorProxyWorker] RUNTIME INCOMING MESSAGE { id: 100000032, result: { id: '8fa19100416b3c91' } }
---

--- 2026-04-25T10:46:47.414Z debug
[InspectorProxyWorker] SEND TO RUNTIME {"method":"Runtime.getIsolateId","id":100000033}
---

--- 2026-04-25T10:46:47.414Z debug
[InspectorProxyWorker] RUNTIME INCOMING MESSAGE { id: 100000033, result: { id: '8fa19100416b3c91' } }
---

--- 2026-04-25T10:46:57.414Z debug
[InspectorProxyWorker] SEND TO RUNTIME {"method":"Runtime.getIsolateId","id":100000034}
---

--- 2026-04-25T10:46:57.414Z debug
[InspectorProxyWorker] RUNTIME INCOMING MESSAGE { id: 100000034, result: { id: '8fa19100416b3c91' } }
---

--- 2026-04-25T10:47:07.413Z debug
[InspectorProxyWorker] SEND TO RUNTIME {"method":"Runtime.getIsolateId","id":100000035}
---

--- 2026-04-25T10:47:07.414Z debug
[InspectorProxyWorker] RUNTIME INCOMING MESSAGE { id: 100000035, result: { id: '8fa19100416b3c91' } }
---

--- 2026-04-25T10:47:17.414Z debug
[InspectorProxyWorker] SEND TO RUNTIME {"method":"Runtime.getIsolateId","id":100000036}
---

--- 2026-04-25T10:47:17.414Z debug
[InspectorProxyWorker] RUNTIME INCOMING MESSAGE { id: 100000036, result: { id: '8fa19100416b3c91' } }
---

--- 2026-04-25T10:47:27.414Z debug
[InspectorProxyWorker] SEND TO RUNTIME {"method":"Runtime.getIsolateId","id":100000037}
---

--- 2026-04-25T10:47:27.415Z debug
[InspectorProxyWorker] RUNTIME INCOMING MESSAGE { id: 100000037, result: { id: '8fa19100416b3c91' } }
---

--- 2026-04-25T10:47:37.414Z debug
[InspectorProxyWorker] SEND TO RUNTIME {"method":"Runtime.getIsolateId","id":100000038}
---

--- 2026-04-25T10:47:37.414Z debug
[InspectorProxyWorker] RUNTIME INCOMING MESSAGE { id: 100000038, result: { id: '8fa19100416b3c91' } }
---

--- 2026-04-25T10:47:47.414Z debug
[InspectorProxyWorker] SEND TO RUNTIME {"method":"Runtime.getIsolateId","id":100000039}
---

--- 2026-04-25T10:47:47.415Z debug
[InspectorProxyWorker] RUNTIME INCOMING MESSAGE { id: 100000039, result: { id: '8fa19100416b3c91' } }
---

--- 2026-04-25T10:47:57.415Z debug
[InspectorProxyWorker] SEND TO RUNTIME {"method":"Runtime.getIsolateId","id":100000040}
---

--- 2026-04-25T10:47:57.416Z debug
[InspectorProxyWorker] RUNTIME INCOMING MESSAGE { id: 100000040, result: { id: '8fa19100416b3c91' } }
---

--- 2026-04-25T10:48:07.414Z debug
[InspectorProxyWorker] SEND TO RUNTIME {"method":"Runtime.getIsolateId","id":100000041}
---

--- 2026-04-25T10:48:07.415Z debug
[InspectorProxyWorker] RUNTIME INCOMING MESSAGE { id: 100000041, result: { id: '8fa19100416b3c91' } }
---

--- 2026-04-25T10:48:17.414Z debug
[InspectorProxyWorker] SEND TO RUNTIME {"method":"Runtime.getIsolateId","id":100000042}
---

--- 2026-04-25T10:48:17.414Z debug
[InspectorProxyWorker] RUNTIME INCOMING MESSAGE { id: 100000042, result: { id: '8fa19100416b3c91' } }
---

--- 2026-04-25T10:48:27.414Z debug
[InspectorProxyWorker] SEND TO RUNTIME {"method":"Runtime.getIsolateId","id":100000043}
---

--- 2026-04-25T10:48:27.414Z debug
[InspectorProxyWorker] RUNTIME INCOMING MESSAGE { id: 100000043, result: { id: '8fa19100416b3c91' } }
---

--- 2026-04-25T10:48:37.413Z debug
[InspectorProxyWorker] SEND TO RUNTIME {"method":"Runtime.getIsolateId","id":100000044}
---

--- 2026-04-25T10:48:37.414Z debug
[InspectorProxyWorker] RUNTIME INCOMING MESSAGE { id: 100000044, result: { id: '8fa19100416b3c91' } }
---

--- 2026-04-25T10:48:47.414Z debug
[InspectorProxyWorker] SEND TO RUNTIME {"method":"Runtime.getIsolateId","id":100000045}
---

--- 2026-04-25T10:48:47.414Z debug
[InspectorProxyWorker] RUNTIME INCOMING MESSAGE { id: 100000045, result: { id: '8fa19100416b3c91' } }
---

--- 2026-04-25T10:48:57.415Z debug
[InspectorProxyWorker] SEND TO RUNTIME {"method":"Runtime.getIsolateId","id":100000046}
---

--- 2026-04-25T10:48:57.416Z debug
[InspectorProxyWorker] RUNTIME INCOMING MESSAGE { id: 100000046, result: { id: '8fa19100416b3c91' } }
---

--- 2026-04-25T10:49:07.414Z debug
[InspectorProxyWorker] SEND TO RUNTIME {"method":"Runtime.getIsolateId","id":100000047}
---

--- 2026-04-25T10:49:07.415Z debug
[InspectorProxyWorker] RUNTIME INCOMING MESSAGE { id: 100000047, result: { id: '8fa19100416b3c91' } }
---

--- 2026-04-25T10:49:17.414Z debug
[InspectorProxyWorker] SEND TO RUNTIME {"method":"Runtime.getIsolateId","id":100000048}
---

--- 2026-04-25T10:49:17.414Z debug
[InspectorProxyWorker] RUNTIME INCOMING MESSAGE { id: 100000048, result: { id: '8fa19100416b3c91' } }
---

--- 2026-04-25T10:49:27.413Z debug
[InspectorProxyWorker] SEND TO RUNTIME {"method":"Runtime.getIsolateId","id":100000049}
---

--- 2026-04-25T10:49:27.414Z debug
[InspectorProxyWorker] RUNTIME INCOMING MESSAGE { id: 100000049, result: { id: '8fa19100416b3c91' } }
---

--- 2026-04-25T10:49:37.414Z debug
[InspectorProxyWorker] SEND TO RUNTIME {"method":"Runtime.getIsolateId","id":100000050}
---

--- 2026-04-25T10:49:37.414Z debug
[InspectorProxyWorker] RUNTIME INCOMING MESSAGE { id: 100000050, result: { id: '8fa19100416b3c91' } }
---

--- 2026-04-25T10:49:47.414Z debug
[InspectorProxyWorker] SEND TO RUNTIME {"method":"Runtime.getIsolateId","id":100000051}
---

--- 2026-04-25T10:49:47.415Z debug
[InspectorProxyWorker] RUNTIME INCOMING MESSAGE { id: 100000051, result: { id: '8fa19100416b3c91' } }
---

--- 2026-04-25T10:49:57.412Z debug
[InspectorProxyWorker] SEND TO RUNTIME {"method":"Runtime.getIsolateId","id":100000052}
---

--- 2026-04-25T10:49:57.413Z debug
[InspectorProxyWorker] RUNTIME INCOMING MESSAGE { id: 100000052, result: { id: '8fa19100416b3c91' } }
---

--- 2026-04-25T10:50:07.414Z debug
[InspectorProxyWorker] SEND TO RUNTIME {"method":"Runtime.getIsolateId","id":100000053}
---

--- 2026-04-25T10:50:07.415Z debug
[InspectorProxyWorker] RUNTIME INCOMING MESSAGE { id: 100000053, result: { id: '8fa19100416b3c91' } }
---

--- 2026-04-25T10:50:17.414Z debug
[InspectorProxyWorker] SEND TO RUNTIME {"method":"Runtime.getIsolateId","id":100000054}
---

--- 2026-04-25T10:50:17.414Z debug
[InspectorProxyWorker] RUNTIME INCOMING MESSAGE { id: 100000054, result: { id: '8fa19100416b3c91' } }
---

--- 2026-04-25T10:50:27.414Z debug
[InspectorProxyWorker] SEND TO RUNTIME {"method":"Runtime.getIsolateId","id":100000055}
---

--- 2026-04-25T10:50:27.414Z debug
[InspectorProxyWorker] RUNTIME INCOMING MESSAGE { id: 100000055, result: { id: '8fa19100416b3c91' } }
---

--- 2026-04-25T10:50:37.414Z debug
[InspectorProxyWorker] SEND TO RUNTIME {"method":"Runtime.getIsolateId","id":100000056}
---

--- 2026-04-25T10:50:37.414Z debug
[InspectorProxyWorker] RUNTIME INCOMING MESSAGE { id: 100000056, result: { id: '8fa19100416b3c91' } }
---

--- 2026-04-25T10:50:47.413Z debug
[InspectorProxyWorker] SEND TO RUNTIME {"method":"Runtime.getIsolateId","id":100000057}
---

--- 2026-04-25T10:50:47.413Z debug
[InspectorProxyWorker] RUNTIME INCOMING MESSAGE { id: 100000057, result: { id: '8fa19100416b3c91' } }
---

--- 2026-04-25T10:50:57.414Z debug
[InspectorProxyWorker] SEND TO RUNTIME {"method":"Runtime.getIsolateId","id":100000058}
---

--- 2026-04-25T10:50:57.414Z debug
[InspectorProxyWorker] RUNTIME INCOMING MESSAGE { id: 100000058, result: { id: '8fa19100416b3c91' } }
---

--- 2026-04-25T10:51:07.414Z debug
[InspectorProxyWorker] SEND TO RUNTIME {"method":"Runtime.getIsolateId","id":100000059}
---

--- 2026-04-25T10:51:07.414Z debug
[InspectorProxyWorker] RUNTIME INCOMING MESSAGE { id: 100000059, result: { id: '8fa19100416b3c91' } }
---

--- 2026-04-25T10:51:17.414Z debug
[InspectorProxyWorker] SEND TO RUNTIME {"method":"Runtime.getIsolateId","id":100000060}
---

--- 2026-04-25T10:51:17.415Z debug
[InspectorProxyWorker] RUNTIME INCOMING MESSAGE { id: 100000060, result: { id: '8fa19100416b3c91' } }
---

--- 2026-04-25T10:51:27.413Z debug
[InspectorProxyWorker] SEND TO RUNTIME {"method":"Runtime.getIsolateId","id":100000061}
---

--- 2026-04-25T10:51:27.414Z debug
[InspectorProxyWorker] RUNTIME INCOMING MESSAGE { id: 100000061, result: { id: '8fa19100416b3c91' } }
---

--- 2026-04-25T10:51:37.414Z debug
[InspectorProxyWorker] SEND TO RUNTIME {"method":"Runtime.getIsolateId","id":100000062}
---

--- 2026-04-25T10:51:37.414Z debug
[InspectorProxyWorker] RUNTIME INCOMING MESSAGE { id: 100000062, result: { id: '8fa19100416b3c91' } }
---

--- 2026-04-25T10:51:47.415Z debug
[InspectorProxyWorker] SEND TO RUNTIME {"method":"Runtime.getIsolateId","id":100000063}
---

--- 2026-04-25T10:51:47.416Z debug
[InspectorProxyWorker] RUNTIME INCOMING MESSAGE { id: 100000063, result: { id: '8fa19100416b3c91' } }
---

--- 2026-04-25T10:51:57.415Z debug
[InspectorProxyWorker] SEND TO RUNTIME {"method":"Runtime.getIsolateId","id":100000064}
---

--- 2026-04-25T10:51:57.415Z debug
[InspectorProxyWorker] RUNTIME INCOMING MESSAGE { id: 100000064, result: { id: '8fa19100416b3c91' } }
---

--- 2026-04-25T10:52:07.414Z debug
[InspectorProxyWorker] SEND TO RUNTIME {"method":"Runtime.getIsolateId","id":100000065}
---

--- 2026-04-25T10:52:07.415Z debug
[InspectorProxyWorker] RUNTIME INCOMING MESSAGE { id: 100000065, result: { id: '8fa19100416b3c91' } }
---

--- 2026-04-25T10:52:17.414Z debug
[InspectorProxyWorker] SEND TO RUNTIME {"method":"Runtime.getIsolateId","id":100000066}
---

--- 2026-04-25T10:52:17.414Z debug
[InspectorProxyWorker] RUNTIME INCOMING MESSAGE { id: 100000066, result: { id: '8fa19100416b3c91' } }
---

--- 2026-04-25T10:52:27.414Z debug
[InspectorProxyWorker] SEND TO RUNTIME {"method":"Runtime.getIsolateId","id":100000067}
---

--- 2026-04-25T10:52:27.414Z debug
[InspectorProxyWorker] RUNTIME INCOMING MESSAGE { id: 100000067, result: { id: '8fa19100416b3c91' } }
---

--- 2026-04-25T10:52:37.414Z debug
[InspectorProxyWorker] SEND TO RUNTIME {"method":"Runtime.getIsolateId","id":100000068}
---

--- 2026-04-25T10:52:37.414Z debug
[InspectorProxyWorker] RUNTIME INCOMING MESSAGE { id: 100000068, result: { id: '8fa19100416b3c91' } }
---

--- 2026-04-25T10:52:47.414Z debug
[InspectorProxyWorker] SEND TO RUNTIME {"method":"Runtime.getIsolateId","id":100000069}
---

--- 2026-04-25T10:52:47.415Z debug
[InspectorProxyWorker] RUNTIME INCOMING MESSAGE { id: 100000069, result: { id: '8fa19100416b3c91' } }
---

--- 2026-04-25T10:52:57.409Z debug
[InspectorProxyWorker] SEND TO RUNTIME {"method":"Runtime.getIsolateId","id":100000070}
---

--- 2026-04-25T10:52:57.410Z debug
[InspectorProxyWorker] RUNTIME INCOMING MESSAGE { id: 100000070, result: { id: '8fa19100416b3c91' } }
---

--- 2026-04-25T10:53:07.414Z debug
[InspectorProxyWorker] SEND TO RUNTIME {"method":"Runtime.getIsolateId","id":100000071}
---

--- 2026-04-25T10:53:07.414Z debug
[InspectorProxyWorker] RUNTIME INCOMING MESSAGE { id: 100000071, result: { id: '8fa19100416b3c91' } }
---

--- 2026-04-25T10:53:17.415Z debug
[InspectorProxyWorker] SEND TO RUNTIME {"method":"Runtime.getIsolateId","id":100000072}
---

--- 2026-04-25T10:53:17.416Z debug
[InspectorProxyWorker] RUNTIME INCOMING MESSAGE { id: 100000072, result: { id: '8fa19100416b3c91' } }
---

--- 2026-04-25T10:53:27.414Z debug
[InspectorProxyWorker] SEND TO RUNTIME {"method":"Runtime.getIsolateId","id":100000073}
---

--- 2026-04-25T10:53:27.415Z debug
[InspectorProxyWorker] RUNTIME INCOMING MESSAGE { id: 100000073, result: { id: '8fa19100416b3c91' } }
---

--- 2026-04-25T10:53:37.414Z debug
[InspectorProxyWorker] SEND TO RUNTIME {"method":"Runtime.getIsolateId","id":100000074}
---

--- 2026-04-25T10:53:37.414Z debug
[InspectorProxyWorker] RUNTIME INCOMING MESSAGE { id: 100000074, result: { id: '8fa19100416b3c91' } }
---

--- 2026-04-25T10:53:47.414Z debug
[InspectorProxyWorker] SEND TO RUNTIME {"method":"Runtime.getIsolateId","id":100000075}
---

--- 2026-04-25T10:53:47.426Z debug
[InspectorProxyWorker] RUNTIME INCOMING MESSAGE { id: 100000075, result: { id: '8fa19100416b3c91' } }
---

--- 2026-04-25T10:53:57.413Z debug
[InspectorProxyWorker] SEND TO RUNTIME {"method":"Runtime.getIsolateId","id":100000076}
---

--- 2026-04-25T10:53:57.414Z debug
[InspectorProxyWorker] RUNTIME INCOMING MESSAGE { id: 100000076, result: { id: '8fa19100416b3c91' } }
---

--- 2026-04-25T10:54:07.414Z debug
[InspectorProxyWorker] SEND TO RUNTIME {"method":"Runtime.getIsolateId","id":100000077}
---

--- 2026-04-25T10:54:07.414Z debug
[InspectorProxyWorker] RUNTIME INCOMING MESSAGE { id: 100000077, result: { id: '8fa19100416b3c91' } }
---

--- 2026-04-25T10:54:17.412Z debug
[InspectorProxyWorker] SEND TO RUNTIME {"method":"Runtime.getIsolateId","id":100000078}
---

--- 2026-04-25T10:54:17.413Z debug
[InspectorProxyWorker] RUNTIME INCOMING MESSAGE { id: 100000078, result: { id: '8fa19100416b3c91' } }
---

--- 2026-04-25T10:54:27.414Z debug
[InspectorProxyWorker] SEND TO RUNTIME {"method":"Runtime.getIsolateId","id":100000079}
---

--- 2026-04-25T10:54:27.415Z debug
[InspectorProxyWorker] RUNTIME INCOMING MESSAGE { id: 100000079, result: { id: '8fa19100416b3c91' } }
---

--- 2026-04-25T10:54:37.414Z debug
[InspectorProxyWorker] SEND TO RUNTIME {"method":"Runtime.getIsolateId","id":100000080}
---

--- 2026-04-25T10:54:37.415Z debug
[InspectorProxyWorker] RUNTIME INCOMING MESSAGE { id: 100000080, result: { id: '8fa19100416b3c91' } }
---

--- 2026-04-25T10:54:47.414Z debug
[InspectorProxyWorker] SEND TO RUNTIME {"method":"Runtime.getIsolateId","id":100000081}
---

--- 2026-04-25T10:54:47.414Z debug
[InspectorProxyWorker] RUNTIME INCOMING MESSAGE { id: 100000081, result: { id: '8fa19100416b3c91' } }
---

--- 2026-04-25T10:54:57.413Z debug
[InspectorProxyWorker] SEND TO RUNTIME {"method":"Runtime.getIsolateId","id":100000082}
---

--- 2026-04-25T10:54:57.413Z debug
[InspectorProxyWorker] RUNTIME INCOMING MESSAGE { id: 100000082, result: { id: '8fa19100416b3c91' } }
---

--- 2026-04-25T10:55:07.411Z debug
[InspectorProxyWorker] SEND TO RUNTIME {"method":"Runtime.getIsolateId","id":100000083}
---

--- 2026-04-25T10:55:07.412Z debug
[InspectorProxyWorker] RUNTIME INCOMING MESSAGE { id: 100000083, result: { id: '8fa19100416b3c91' } }
---

--- 2026-04-25T10:55:17.415Z debug
[InspectorProxyWorker] SEND TO RUNTIME {"method":"Runtime.getIsolateId","id":100000084}
---

--- 2026-04-25T10:55:17.416Z debug
[InspectorProxyWorker] RUNTIME INCOMING MESSAGE { id: 100000084, result: { id: '8fa19100416b3c91' } }
---

--- 2026-04-25T10:55:27.414Z debug
[InspectorProxyWorker] SEND TO RUNTIME {"method":"Runtime.getIsolateId","id":100000085}
---

--- 2026-04-25T10:55:27.414Z debug
[InspectorProxyWorker] RUNTIME INCOMING MESSAGE { id: 100000085, result: { id: '8fa19100416b3c91' } }
---

--- 2026-04-25T10:55:37.414Z debug
[InspectorProxyWorker] SEND TO RUNTIME {"method":"Runtime.getIsolateId","id":100000086}
---

--- 2026-04-25T10:55:37.415Z debug
[InspectorProxyWorker] RUNTIME INCOMING MESSAGE { id: 100000086, result: { id: '8fa19100416b3c91' } }
---

--- 2026-04-25T10:55:47.414Z debug
[InspectorProxyWorker] SEND TO RUNTIME {"method":"Runtime.getIsolateId","id":100000087}
---

--- 2026-04-25T10:55:47.414Z debug
[InspectorProxyWorker] RUNTIME INCOMING MESSAGE { id: 100000087, result: { id: '8fa19100416b3c91' } }
---

--- 2026-04-25T10:55:57.414Z debug
[InspectorProxyWorker] SEND TO RUNTIME {"method":"Runtime.getIsolateId","id":100000088}
---

--- 2026-04-25T10:55:57.414Z debug
[InspectorProxyWorker] RUNTIME INCOMING MESSAGE { id: 100000088, result: { id: '8fa19100416b3c91' } }
---

--- 2026-04-25T10:56:07.414Z debug
[InspectorProxyWorker] SEND TO RUNTIME {"method":"Runtime.getIsolateId","id":100000089}
---

--- 2026-04-25T10:56:07.415Z debug
[InspectorProxyWorker] RUNTIME INCOMING MESSAGE { id: 100000089, result: { id: '8fa19100416b3c91' } }
---

--- 2026-04-25T10:56:17.414Z debug
[InspectorProxyWorker] SEND TO RUNTIME {"method":"Runtime.getIsolateId","id":100000090}
---

--- 2026-04-25T10:56:17.414Z debug
[InspectorProxyWorker] RUNTIME INCOMING MESSAGE { id: 100000090, result: { id: '8fa19100416b3c91' } }
---

--- 2026-04-25T10:56:27.414Z debug
[InspectorProxyWorker] SEND TO RUNTIME {"method":"Runtime.getIsolateId","id":100000091}
---

--- 2026-04-25T10:56:27.414Z debug
[InspectorProxyWorker] RUNTIME INCOMING MESSAGE { id: 100000091, result: { id: '8fa19100416b3c91' } }
---

--- 2026-04-25T10:56:37.414Z debug
[InspectorProxyWorker] SEND TO RUNTIME {"method":"Runtime.getIsolateId","id":100000092}
---

--- 2026-04-25T10:56:37.414Z debug
[InspectorProxyWorker] RUNTIME INCOMING MESSAGE { id: 100000092, result: { id: '8fa19100416b3c91' } }
---

--- 2026-04-25T10:56:47.414Z debug
[InspectorProxyWorker] SEND TO RUNTIME {"method":"Runtime.getIsolateId","id":100000093}
---

--- 2026-04-25T10:56:47.415Z debug
[InspectorProxyWorker] RUNTIME INCOMING MESSAGE { id: 100000093, result: { id: '8fa19100416b3c91' } }
---

--- 2026-04-25T10:56:57.414Z debug
[InspectorProxyWorker] SEND TO RUNTIME {"method":"Runtime.getIsolateId","id":100000094}
---

--- 2026-04-25T10:56:57.414Z debug
[InspectorProxyWorker] RUNTIME INCOMING MESSAGE { id: 100000094, result: { id: '8fa19100416b3c91' } }
---

--- 2026-04-25T10:57:07.414Z debug
[InspectorProxyWorker] SEND TO RUNTIME {"method":"Runtime.getIsolateId","id":100000095}
---

--- 2026-04-25T10:57:07.414Z debug
[InspectorProxyWorker] RUNTIME INCOMING MESSAGE { id: 100000095, result: { id: '8fa19100416b3c91' } }
---

--- 2026-04-25T10:57:17.414Z debug
[InspectorProxyWorker] SEND TO RUNTIME {"method":"Runtime.getIsolateId","id":100000096}
---

--- 2026-04-25T10:57:17.415Z debug
[InspectorProxyWorker] RUNTIME INCOMING MESSAGE { id: 100000096, result: { id: '8fa19100416b3c91' } }
---

--- 2026-04-25T10:57:27.414Z debug
[InspectorProxyWorker] SEND TO RUNTIME {"method":"Runtime.getIsolateId","id":100000097}
---

--- 2026-04-25T10:57:27.415Z debug
[InspectorProxyWorker] RUNTIME INCOMING MESSAGE { id: 100000097, result: { id: '8fa19100416b3c91' } }
---

--- 2026-04-25T10:57:37.413Z debug
[InspectorProxyWorker] SEND TO RUNTIME {"method":"Runtime.getIsolateId","id":100000098}
---

--- 2026-04-25T10:57:37.414Z debug
[InspectorProxyWorker] RUNTIME INCOMING MESSAGE { id: 100000098, result: { id: '8fa19100416b3c91' } }
---

--- 2026-04-25T10:57:47.414Z debug
[InspectorProxyWorker] SEND TO RUNTIME {"method":"Runtime.getIsolateId","id":100000099}
---

--- 2026-04-25T10:57:47.415Z debug
[InspectorProxyWorker] RUNTIME INCOMING MESSAGE { id: 100000099, result: { id: '8fa19100416b3c91' } }
---

--- 2026-04-25T10:57:57.414Z debug
[InspectorProxyWorker] SEND TO RUNTIME {"method":"Runtime.getIsolateId","id":100000100}
---

--- 2026-04-25T10:57:57.416Z debug
[InspectorProxyWorker] RUNTIME INCOMING MESSAGE { id: 100000100, result: { id: '8fa19100416b3c91' } }
---

--- 2026-04-25T10:58:07.414Z debug
[InspectorProxyWorker] SEND TO RUNTIME {"method":"Runtime.getIsolateId","id":100000101}
---

--- 2026-04-25T10:58:07.415Z debug
[InspectorProxyWorker] RUNTIME INCOMING MESSAGE { id: 100000101, result: { id: '8fa19100416b3c91' } }
---

--- 2026-04-25T10:58:17.415Z debug
[InspectorProxyWorker] SEND TO RUNTIME {"method":"Runtime.getIsolateId","id":100000102}
---

--- 2026-04-25T10:58:17.416Z debug
[InspectorProxyWorker] RUNTIME INCOMING MESSAGE { id: 100000102, result: { id: '8fa19100416b3c91' } }
---

--- 2026-04-25T10:58:27.415Z debug
[InspectorProxyWorker] SEND TO RUNTIME {"method":"Runtime.getIsolateId","id":100000103}
---

--- 2026-04-25T10:58:27.416Z debug
[InspectorProxyWorker] RUNTIME INCOMING MESSAGE { id: 100000103, result: { id: '8fa19100416b3c91' } }
---

--- 2026-04-25T10:58:37.414Z debug
[InspectorProxyWorker] SEND TO RUNTIME {"method":"Runtime.getIsolateId","id":100000104}
---

--- 2026-04-25T10:58:37.414Z debug
[InspectorProxyWorker] RUNTIME INCOMING MESSAGE { id: 100000104, result: { id: '8fa19100416b3c91' } }
---

--- 2026-04-25T10:58:47.413Z debug
[InspectorProxyWorker] SEND TO RUNTIME {"method":"Runtime.getIsolateId","id":100000105}
---

--- 2026-04-25T10:58:47.414Z debug
[InspectorProxyWorker] RUNTIME INCOMING MESSAGE { id: 100000105, result: { id: '8fa19100416b3c91' } }
---

--- 2026-04-25T10:58:57.414Z debug
[InspectorProxyWorker] SEND TO RUNTIME {"method":"Runtime.getIsolateId","id":100000106}
---

--- 2026-04-25T10:58:57.414Z debug
[InspectorProxyWorker] RUNTIME INCOMING MESSAGE { id: 100000106, result: { id: '8fa19100416b3c91' } }
---

--- 2026-04-25T10:59:07.414Z debug
[InspectorProxyWorker] SEND TO RUNTIME {"method":"Runtime.getIsolateId","id":100000107}
---

--- 2026-04-25T10:59:07.415Z debug
[InspectorProxyWorker] RUNTIME INCOMING MESSAGE { id: 100000107, result: { id: '8fa19100416b3c91' } }
---

--- 2026-04-25T10:59:17.414Z debug
[InspectorProxyWorker] SEND TO RUNTIME {"method":"Runtime.getIsolateId","id":100000108}
---

--- 2026-04-25T10:59:17.414Z debug
[InspectorProxyWorker] RUNTIME INCOMING MESSAGE { id: 100000108, result: { id: '8fa19100416b3c91' } }
---

--- 2026-04-25T10:59:27.414Z debug
[InspectorProxyWorker] SEND TO RUNTIME {"method":"Runtime.getIsolateId","id":100000109}
---

--- 2026-04-25T10:59:27.414Z debug
[InspectorProxyWorker] RUNTIME INCOMING MESSAGE { id: 100000109, result: { id: '8fa19100416b3c91' } }
---

--- 2026-04-25T10:59:37.414Z debug
[InspectorProxyWorker] SEND TO RUNTIME {"method":"Runtime.getIsolateId","id":100000110}
---

--- 2026-04-25T10:59:37.414Z debug
[InspectorProxyWorker] RUNTIME INCOMING MESSAGE { id: 100000110, result: { id: '8fa19100416b3c91' } }
---
