
--- 2026-04-26T04:36:05.416Z debug
🪵  Writing logs to "/home/runner/workspace/.config/.wrangler/logs/wrangler-2026-04-26_04-36-05_289.log"
---

--- 2026-04-26T04:36:05.416Z debug
Metrics dispatcher: Posting data {"deviceId":"7c1709f8-4e22-4ea0-922b-9cff3ec2c518","event":"wrangler command started","timestamp":1777178165416,"properties":{"amplitude_session_id":1777178165414,"amplitude_event_id":0,"wranglerVersion":"3.114.17","osPlatform":"Linux","osVersion":"#1-NixOS SMP PREEMPT_DYNAMIC Tue Jan  1 00:00:00 UTC 1980","nodeVersion":24,"packageManager":"pnpm","isFirstUsage":false,"configFileType":"toml","isCI":false,"isPagesCI":false,"isWorkersCI":false,"isInteractive":true,"hasAssets":false,"argsUsed":["ip","port"],"argsCombination":"ip, port","command":"wrangler dev","args":{}}}
---

--- 2026-04-26T04:36:05.426Z debug
.env file not found at ".env". Continuing... For more details, refer to https://developers.cloudflare.com/workers/wrangler/system-environment-variables/
---

--- 2026-04-26T04:36:05.796Z log

 ⛅️ wrangler 3.114.17 (update available 4.85.0)
---------------------------------------------------------

---

--- 2026-04-26T04:36:05.845Z warn
▲ [WARNING] The version of Wrangler you are using is now out-of-date.

  Please update to the latest version to prevent critical errors.
  Run `npm install --save-dev wrangler@4` to update to the latest version.
  After installation, run Wrangler with `npx wrangler`.


---

--- 2026-04-26T04:36:05.869Z debug
.env file not found at ".dev.vars". Continuing... For more details, refer to https://developers.cloudflare.com/workers/wrangler/system-environment-variables/
---

--- 2026-04-26T04:36:05.870Z log
No bindings found.
---

--- 2026-04-26T04:36:06.308Z debug
RemoteRuntimeController teardown beginning...
---

--- 2026-04-26T04:36:06.308Z debug
RemoteRuntimeController teardown complete
---

--- 2026-04-26T04:36:06.309Z log
⎔ Starting local server...
---

--- 2026-04-26T04:36:07.139Z debug
[InspectorProxyWorker] handleProxyControllerIncomingMessage {"type":"reloadStart"}
---

--- 2026-04-26T04:36:07.143Z debug
[InspectorProxyWorker] handleProxyControllerIncomingMessage {"type":"reloadComplete","proxyData":{"userWorkerUrl":{"protocol":"http:","hostname":"127.0.0.1","port":"39327"},"userWorkerInspectorUrl":{"protocol":"ws:","hostname":"127.0.0.1","port":"41845","pathname":"/core:user:ott-extractor"},"userWorkerInnerUrlOverrides":{"protocol":"http:"},"headers":{"MF-Proxy-Shared-Secret":"2c56fefa-2974-43b1-9748-bb33dbd67b9a"},"liveReload":false,"proxyLogsToController":false,"internalDurableObjects":[],"entrypointAddresses":{"default":{"host":"127.0.0.1","port":36843}}}}
---

--- 2026-04-26T04:36:07.145Z debug
[InspectorProxyWorker] reconnectRuntimeWebSocket
---

--- 2026-04-26T04:36:07.146Z debug
[InspectorProxyWorker] NEW RUNTIME WEBSOCKET http://127.0.0.1:41845/core:user:ott-extractor
---

--- 2026-04-26T04:36:07.148Z debug
[InspectorProxyWorker] SEND TO DEVTOOLS {"method":"Runtime.executionContextsCleared"}
---

--- 2026-04-26T04:36:07.149Z debug
[InspectorProxyWorker] RUNTIME WEBSOCKET OPENED
---

--- 2026-04-26T04:36:07.150Z debug
[InspectorProxyWorker] SEND TO RUNTIME {"method":"Runtime.enable","id":100000001}
---

--- 2026-04-26T04:36:07.150Z debug
[InspectorProxyWorker] SEND TO RUNTIME {"method":"Debugger.enable","id":100000002}
---

--- 2026-04-26T04:36:07.151Z debug
[InspectorProxyWorker] SEND TO RUNTIME {"method":"Network.enable","id":100000003}
---

--- 2026-04-26T04:36:07.152Z debug
[InspectorProxyWorker] RUNTIME INCOMING MESSAGE {
  method: 'Runtime.executionContextCreated',
  params: {
    context: {
      id: 28894433,
      origin: '',
      name: 'Worker',
      uniqueId: '-5742606905944136698.-5431679258233511598'
    }
  }
}
---

--- 2026-04-26T04:36:07.154Z debug
[InspectorProxyWorker] RUNTIME INCOMING MESSAGE { id: 100000001, result: {} }
---

--- 2026-04-26T04:36:07.154Z debug
[InspectorProxyWorker] RUNTIME INCOMING MESSAGE {
  method: 'Debugger.scriptParsed',
  params: {
    scriptId: '3',
    url: 'file:///home/runner/workspace/workers/extractor/.wrangler/tmp/dev-0xrqjy/index.js',
    startLine: 0,
    startColumn: 0,
    endLine: 1193,
    endColumn: 95,
    executionContextId: 28894433,
    hash: '7b81ffb6e3f25f37f4588ad73ef97934024c58727f8d7f21eddf99d6afc8a1a4',
    buildId: '',
    isLiveEdit: false,
    sourceMapURL: 'index.js.map',
    hasSourceURL: true,
    isModule: true,
    length: 30855,
    scriptLanguage: 'JavaScript',
    embedderName: 'index.js'
  }
}
---

--- 2026-04-26T04:36:07.155Z debug
[InspectorProxyWorker] RUNTIME INCOMING MESSAGE {
  method: 'Debugger.scriptParsed',
  params: {
    scriptId: '4',
    url: 'node:stream',
    startLine: 0,
    startColumn: 0,
    endLine: 79,
    endColumn: 0,
    executionContextId: 28894433,
    hash: '9e7ca4b23e0ce08692926d1fe46f9c39ca3463ba17d6d5483a8c604e9465e5c4',
    buildId: '',
    isLiveEdit: false,
    sourceMapURL: '',
    hasSourceURL: false,
    isModule: true,
    length: 2096,
    scriptLanguage: 'JavaScript',
    embedderName: 'node:stream'
  }
}
---

--- 2026-04-26T04:36:07.156Z debug
[InspectorProxyWorker] RUNTIME INCOMING MESSAGE {
  method: 'Debugger.scriptParsed',
  params: {
    scriptId: '5',
    url: 'node:events',
    startLine: 0,
    startColumn: 0,
    endLine: 6,
    endColumn: 0,
    executionContextId: 28894433,
    hash: 'a65a3cd6cc39ee3536ce5eb0ad88d6947a2c69b7b96ed288248a2d28cc5de598',
    buildId: '',
    isLiveEdit: false,
    sourceMapURL: '',
    hasSourceURL: false,
    isModule: true,
    length: 257,
    scriptLanguage: 'JavaScript',
    embedderName: 'node:events'
  }
}
---

--- 2026-04-26T04:36:07.156Z debug
[InspectorProxyWorker] RUNTIME INCOMING MESSAGE {
  method: 'Debugger.scriptParsed',
  params: {
    scriptId: '6',
    url: 'node:net',
    startLine: 0,
    startColumn: 0,
    endLine: 45,
    endColumn: 0,
    executionContextId: 28894433,
    hash: '322a29be1330beedbccae6126798e10a7eb727d3a8ce5e66304b56afa3203f9a',
    buildId: '',
    isLiveEdit: false,
    sourceMapURL: '',
    hasSourceURL: false,
    isModule: true,
    length: 2275,
    scriptLanguage: 'JavaScript',
    embedderName: 'node:net'
  }
}
---

--- 2026-04-26T04:36:07.157Z debug
[InspectorProxyWorker] RUNTIME INCOMING MESSAGE {
  method: 'Debugger.scriptParsed',
  params: {
    scriptId: '7',
    url: 'node-internal:streams_pipeline',
    startLine: 0,
    startColumn: 0,
    endLine: 433,
    endColumn: 0,
    executionContextId: 28894433,
    hash: '054dd6d4f8a5f7ff6d6abe8c95b7dbb8ae5eb715b09394acbce243e5f469671e',
    buildId: '',
    isLiveEdit: false,
    sourceMapURL: '',
    hasSourceURL: false,
    isModule: true,
    length: 11773,
    scriptLanguage: 'JavaScript',
    embedderName: 'node-internal:streams_pipeline'
  }
}
---

--- 2026-04-26T04:36:07.158Z debug
[InspectorProxyWorker] RUNTIME INCOMING MESSAGE {
  method: 'Debugger.scriptParsed',
  params: {
    scriptId: '8',
    url: 'node-internal:streams_util',
    startLine: 0,
    startColumn: 0,
    endLine: 1138,
    endColumn: 0,
    executionContextId: 28894433,
    hash: '68694d27d2e55d4ef0e94a7ae14b10d313a065e55549de9cd0255e1b266db568',
    buildId: '',
    isLiveEdit: false,
    sourceMapURL: '',
    hasSourceURL: false,
    isModule: true,
    length: 30799,
    scriptLanguage: 'JavaScript',
    embedderName: 'node-internal:streams_util'
  }
}
---

--- 2026-04-26T04:36:07.158Z debug
[InspectorProxyWorker] RUNTIME INCOMING MESSAGE {
  method: 'Debugger.scriptParsed',
  params: {
    scriptId: '9',
    url: 'node-internal:streams_compose',
    startLine: 0,
    startColumn: 0,
    endLine: 192,
    endColumn: 0,
    executionContextId: 28894433,
    hash: '2b4073544f727b23013089824002cb6107a461463a69dd4bdbb6b8fd95a46106',
    buildId: '',
    isLiveEdit: false,
    sourceMapURL: '',
    hasSourceURL: false,
    isModule: true,
    length: 5173,
    scriptLanguage: 'JavaScript',
    embedderName: 'node-internal:streams_compose'
  }
}
---

--- 2026-04-26T04:36:07.159Z debug
[InspectorProxyWorker] RUNTIME INCOMING MESSAGE {
  method: 'Debugger.scriptParsed',
  params: {
    scriptId: '10',
    url: 'node-internal:streams_legacy',
    startLine: 0,
    startColumn: 0,
    endLine: 111,
    endColumn: 0,
    executionContextId: 28894433,
    hash: '10837c2d5e33357f3b62c0725ef4f280fe5097cbbdbc2fe084d8f6e7972e5665',
    buildId: '',
    isLiveEdit: false,
    sourceMapURL: '',
    hasSourceURL: false,
    isModule: true,
    length: 3822,
    scriptLanguage: 'JavaScript',
    embedderName: 'node-internal:streams_legacy'
  }
}
---

--- 2026-04-26T04:36:07.160Z debug
[InspectorProxyWorker] RUNTIME INCOMING MESSAGE {
  method: 'Debugger.scriptParsed',
  params: {
    scriptId: '11',
    url: 'node-internal:streams_writable',
    startLine: 0,
    startColumn: 0,
    endLine: 880,
    endColumn: 0,
    executionContextId: 28894433,
    hash: '266af6f616c6faab4d9857769afd3166f60e97a1dcfad44df39aecd223316d85',
    buildId: '',
    isLiveEdit: false,
    sourceMapURL: '',
    hasSourceURL: false,
    isModule: true,
    length: 25889,
    scriptLanguage: 'JavaScript',
    embedderName: 'node-internal:streams_writable'
  }
}
---

--- 2026-04-26T04:36:07.160Z debug
[InspectorProxyWorker] RUNTIME INCOMING MESSAGE {
  method: 'Debugger.scriptParsed',
  params: {
    scriptId: '12',
    url: 'node-internal:streams_readable',
    startLine: 0,
    startColumn: 0,
    endLine: 1858,
    endColumn: 0,
    executionContextId: 28894433,
    hash: '01aced5abdc8985e61f1054665813ae14f5338817b3f1141cc9e709e60fdff44',
    buildId: '',
    isLiveEdit: false,
    sourceMapURL: '',
    hasSourceURL: false,
    isModule: true,
    length: 54376,
    scriptLanguage: 'JavaScript',
    embedderName: 'node-internal:streams_readable'
  }
}
---

--- 2026-04-26T04:36:07.161Z debug
[InspectorProxyWorker] RUNTIME INCOMING MESSAGE {
  method: 'Debugger.scriptParsed',
  params: {
    scriptId: '13',
    url: 'node-internal:streams_duplex',
    startLine: 0,
    startColumn: 0,
    endLine: 655,
    endColumn: 0,
    executionContextId: 28894433,
    hash: '5f4ff16812d98f27c9546daafdea6bd4e503b672bf77208fdfc6de9b971d20ae',
    buildId: '',
    isLiveEdit: false,
    sourceMapURL: '',
    hasSourceURL: false,
    isModule: true,
    length: 16340,
    scriptLanguage: 'JavaScript',
    embedderName: 'node-internal:streams_duplex'
  }
}
---

--- 2026-04-26T04:36:07.162Z debug
[InspectorProxyWorker] RUNTIME INCOMING MESSAGE {
  method: 'Debugger.scriptParsed',
  params: {
    scriptId: '14',
    url: 'node-internal:streams_transform',
    startLine: 0,
    startColumn: 0,
    endLine: 214,
    endColumn: 0,
    executionContextId: 28894433,
    hash: '28c554b61cf0fabca545a589ea5e6676df9887ed1b3a0513eed74dbc9259af82',
    buildId: '',
    isLiveEdit: false,
    sourceMapURL: '',
    hasSourceURL: false,
    isModule: true,
    length: 7750,
    scriptLanguage: 'JavaScript',
    embedderName: 'node-internal:streams_transform'
  }
}
---

--- 2026-04-26T04:36:07.162Z debug
[InspectorProxyWorker] RUNTIME INCOMING MESSAGE {
  method: 'Debugger.scriptParsed',
  params: {
    scriptId: '15',
    url: 'node-internal:streams_promises',
    startLine: 0,
    startColumn: 0,
    endLine: 70,
    endColumn: 0,
    executionContextId: 28894433,
    hash: '061dac04c1510c1f7dceba87c10b7b6213f7e5eba0f2f545b4db97f9fcff3ed3',
    buildId: '',
    isLiveEdit: false,
    sourceMapURL: '',
    hasSourceURL: false,
    isModule: true,
    length: 2224,
    scriptLanguage: 'JavaScript',
    embedderName: 'node-internal:streams_promises'
  }
}
---

--- 2026-04-26T04:36:07.163Z debug
[InspectorProxyWorker] RUNTIME INCOMING MESSAGE {
  method: 'Debugger.scriptParsed',
  params: {
    scriptId: '16',
    url: 'node-internal:legacy_process',
    startLine: 0,
    startColumn: 0,
    endLine: 26,
    endColumn: 0,
    executionContextId: 28894433,
    hash: '07654154e7bffa2a8849b49dbfe0459166ebea63c51233ee7bd70c4f6f45e466',
    buildId: '',
    isLiveEdit: false,
    sourceMapURL: '',
    hasSourceURL: false,
    isModule: true,
    length: 901,
    scriptLanguage: 'JavaScript',
    embedderName: 'node-internal:legacy_process'
  }
}
---

--- 2026-04-26T04:36:07.164Z debug
[InspectorProxyWorker] RUNTIME INCOMING MESSAGE {
  method: 'Debugger.scriptParsed',
  params: {
    scriptId: '17',
    url: 'node-internal:internal_errors',
    startLine: 0,
    startColumn: 0,
    endLine: 721,
    endColumn: 0,
    executionContextId: 28894433,
    hash: 'e9208449ab1de6ac8a257bfdfee18e10d4bd91d23c3da948b89430884ac0bc3d',
    buildId: '',
    isLiveEdit: false,
    sourceMapURL: '',
    hasSourceURL: false,
    isModule: true,
    length: 24773,
    scriptLanguage: 'JavaScript',
    embedderName: 'node-internal:internal_errors'
  }
}
---

--- 2026-04-26T04:36:07.164Z debug
[InspectorProxyWorker] RUNTIME INCOMING MESSAGE {
  method: 'Debugger.scriptParsed',
  params: {
    scriptId: '18',
    url: 'node-internal:validators',
    startLine: 0,
    startColumn: 0,
    endLine: 264,
    endColumn: 0,
    executionContextId: 28894433,
    hash: '1d1ec32fb699dc740faf4554e6177fac0a9fa095f801e54fa2f3e3cb9410a405',
    buildId: '',
    isLiveEdit: false,
    sourceMapURL: '',
    hasSourceURL: false,
    isModule: true,
    length: 10302,
    scriptLanguage: 'JavaScript',
    embedderName: 'node-internal:validators'
  }
}
---

--- 2026-04-26T04:36:07.187Z debug
[InspectorProxyWorker] RUNTIME INCOMING MESSAGE {
  method: 'Debugger.scriptParsed',
  params: {
    scriptId: '19',
    url: 'node-internal:events',
    startLine: 0,
    startColumn: 0,
    endLine: 779,
    endColumn: 0,
    executionContextId: 28894433,
    hash: 'e14d26f9e219d8f263d26fb32e62d4240d16319671629dce66e21fd29a0ffd9c',
    buildId: '',
    isLiveEdit: false,
    sourceMapURL: '',
    hasSourceURL: false,
    isModule: true,
    length: 28174,
    scriptLanguage: 'JavaScript',
    embedderName: 'node-internal:events'
  }
}
---

--- 2026-04-26T04:36:07.188Z debug
[InspectorProxyWorker] RUNTIME INCOMING MESSAGE {
  method: 'Debugger.scriptParsed',
  params: {
    scriptId: '20',
    url: 'node-internal:internal_buffer',
    startLine: 0,
    startColumn: 0,
    endLine: 1802,
    endColumn: 0,
    executionContextId: 28894433,
    hash: '592cb26c49fa065830299af5535a911d47dc7c93be002dbdc2a00bbbf0bb6bae',
    buildId: '',
    isLiveEdit: false,
    sourceMapURL: '',
    hasSourceURL: false,
    isModule: true,
    length: 62940,
    scriptLanguage: 'JavaScript',
    embedderName: 'node-internal:internal_buffer'
  }
}
---

--- 2026-04-26T04:36:07.188Z debug
[InspectorProxyWorker] RUNTIME INCOMING MESSAGE {
  method: 'Debugger.scriptParsed',
  params: {
    scriptId: '21',
    url: 'node-internal:internal_utils',
    startLine: 0,
    startColumn: 0,
    endLine: 328,
    endColumn: 0,
    executionContextId: 28894433,
    hash: '8cad89c88f5de314f899989330780c50119237eb02066a22964507d4c66f9fd0',
    buildId: '',
    isLiveEdit: false,
    sourceMapURL: '',
    hasSourceURL: false,
    isModule: true,
    length: 12493,
    scriptLanguage: 'JavaScript',
    embedderName: 'node-internal:internal_utils'
  }
}
---

--- 2026-04-26T04:36:07.189Z debug
[InspectorProxyWorker] RUNTIME INCOMING MESSAGE {
  method: 'Debugger.scriptParsed',
  params: {
    scriptId: '22',
    url: 'node-internal:internal_process',
    startLine: 0,
    startColumn: 0,
    endLine: 250,
    endColumn: 0,
    executionContextId: 28894433,
    hash: 'd7188316da12a687add31348b7a359e4baa9e2ee37e1ca4edc4dc90c904dbb84',
    buildId: '',
    isLiveEdit: false,
    sourceMapURL: '',
    hasSourceURL: false,
    isModule: true,
    length: 12077,
    scriptLanguage: 'JavaScript',
    embedderName: 'node-internal:internal_process'
  }
}
---

--- 2026-04-26T04:36:07.190Z debug
[InspectorProxyWorker] RUNTIME INCOMING MESSAGE {
  method: 'Debugger.scriptParsed',
  params: {
    scriptId: '23',
    url: 'node-internal:internal_inspect',
    startLine: 0,
    startColumn: 0,
    endLine: 2475,
    endColumn: 0,
    executionContextId: 28894433,
    hash: '5da4bbb38f98fe06d6bfca446e383f5e59009469ef9aa1e8d228972e6864bb98',
    buildId: '',
    isLiveEdit: false,
    sourceMapURL: '',
    hasSourceURL: false,
    isModule: true,
    length: 94471,
    scriptLanguage: 'JavaScript',
    embedderName: 'node-internal:internal_inspect'
  }
}
---

--- 2026-04-26T04:36:07.191Z debug
[InspectorProxyWorker] RUNTIME INCOMING MESSAGE {
  method: 'Debugger.scriptParsed',
  params: {
    scriptId: '24',
    url: 'node-internal:internal_types',
    startLine: 0,
    startColumn: 0,
    endLine: 118,
    endColumn: 0,
    executionContextId: 28894433,
    hash: '65cc7262d944441d3188f24d27e046aa7b782eac144463a59ba551a76f3ce4c4',
    buildId: '',
    isLiveEdit: false,
    sourceMapURL: '',
    hasSourceURL: false,
    isModule: true,
    length: 5251,
    scriptLanguage: 'JavaScript',
    embedderName: 'node-internal:internal_types'
  }
}
---

--- 2026-04-26T04:36:07.191Z debug
[InspectorProxyWorker] RUNTIME INCOMING MESSAGE {
  method: 'Debugger.scriptParsed',
  params: {
    scriptId: '25',
    url: 'node-internal:crypto_util',
    startLine: 0,
    startColumn: 0,
    endLine: 95,
    endColumn: 0,
    executionContextId: 28894433,
    hash: 'e782db88b566a35b9be61cd3053e043056ef86b913c3f51274d1ab12b1d9c5b0',
    buildId: '',
    isLiveEdit: false,
    sourceMapURL: '',
    hasSourceURL: false,
    isModule: true,
    length: 3973,
    scriptLanguage: 'JavaScript',
    embedderName: 'node-internal:crypto_util'
  }
}
---

--- 2026-04-26T04:36:07.192Z debug
[InspectorProxyWorker] RUNTIME INCOMING MESSAGE {
  method: 'Debugger.scriptParsed',
  params: {
    scriptId: '26',
    url: 'node-internal:internal_assert',
    startLine: 0,
    startColumn: 0,
    endLine: 671,
    endColumn: 0,
    executionContextId: 28894433,
    hash: 'a0c18e778b5996d1fdfce702491cceb519898328051cfa4631d88321bd1a28e3',
    buildId: '',
    isLiveEdit: false,
    sourceMapURL: '',
    hasSourceURL: false,
    isModule: true,
    length: 21960,
    scriptLanguage: 'JavaScript',
    embedderName: 'node-internal:internal_assert'
  }
}
---

--- 2026-04-26T04:36:07.192Z debug
[InspectorProxyWorker] RUNTIME INCOMING MESSAGE {
  method: 'Debugger.scriptParsed',
  params: {
    scriptId: '27',
    url: 'node-internal:streams_adapters',
    startLine: 0,
    startColumn: 0,
    endLine: 776,
    endColumn: 0,
    executionContextId: 28894433,
    hash: 'de6a59c5e3a7ad6c2329a34e8a82c33b45fdc5168c7895a72902a8652f8f8112',
    buildId: '',
    isLiveEdit: false,
    sourceMapURL: '',
    hasSourceURL: false,
    isModule: true,
    length: 21007,
    scriptLanguage: 'JavaScript',
    embedderName: 'node-internal:streams_adapters'
  }
}
---

--- 2026-04-26T04:36:07.193Z debug
[InspectorProxyWorker] RUNTIME INCOMING MESSAGE {
  method: 'Debugger.scriptParsed',
  params: {
    scriptId: '28',
    url: 'node-internal:internal_stringdecoder',
    startLine: 0,
    startColumn: 0,
    endLine: 128,
    endColumn: 0,
    executionContextId: 28894433,
    hash: '37a9e6c3a32fe257422cfc8c94dc4a5ac3180eb81c740806b00e8772ffc1839c',
    buildId: '',
    isLiveEdit: false,
    sourceMapURL: '',
    hasSourceURL: false,
    isModule: true,
    length: 4707,
    scriptLanguage: 'JavaScript',
    embedderName: 'node-internal:internal_stringdecoder'
  }
}
---

--- 2026-04-26T04:36:07.193Z debug
[InspectorProxyWorker] RUNTIME INCOMING MESSAGE {
  method: 'Debugger.scriptParsed',
  params: {
    scriptId: '29',
    url: 'node-internal:internal_assertionerror',
    startLine: 0,
    startColumn: 0,
    endLine: 467,
    endColumn: 0,
    executionContextId: 28894433,
    hash: 'c8ec9bae7e8a61e4a461ddd579e6d28e1b56a9814b54f85111d9929eb21d7fb1',
    buildId: '',
    isLiveEdit: false,
    sourceMapURL: '',
    hasSourceURL: false,
    isModule: true,
    length: 20078,
    scriptLanguage: 'JavaScript',
    embedderName: 'node-internal:internal_assertionerror'
  }
}
---

--- 2026-04-26T04:36:07.194Z debug
[InspectorProxyWorker] RUNTIME INCOMING MESSAGE {
  method: 'Debugger.scriptParsed',
  params: {
    scriptId: '30',
    url: 'node-internal:internal_diffs',
    startLine: 0,
    startColumn: 0,
    endLine: 316,
    endColumn: 0,
    executionContextId: 28894433,
    hash: '7776d45746451492cb0e50d7c92b2fa6f0d2c95fc181797c5691918f003b05da',
    buildId: '',
    isLiveEdit: false,
    sourceMapURL: '',
    hasSourceURL: false,
    isModule: true,
    length: 10984,
    scriptLanguage: 'JavaScript',
    embedderName: 'node-internal:internal_diffs'
  }
}
---

--- 2026-04-26T04:36:07.194Z debug
[InspectorProxyWorker] RUNTIME INCOMING MESSAGE {
  method: 'Debugger.scriptParsed',
  params: {
    scriptId: '31',
    url: 'node-internal:internal_comparisons',
    startLine: 0,
    startColumn: 0,
    endLine: 522,
    endColumn: 0,
    executionContextId: 28894433,
    hash: '28c414eba5fc3dc275b952cdf56dde62c57058db4e4d345bc2549e7d8c24ccc3',
    buildId: '',
    isLiveEdit: false,
    sourceMapURL: '',
    hasSourceURL: false,
    isModule: true,
    length: 19181,
    scriptLanguage: 'JavaScript',
    embedderName: 'node-internal:internal_comparisons'
  }
}
---

--- 2026-04-26T04:36:07.195Z debug
[InspectorProxyWorker] RUNTIME INCOMING MESSAGE {
  method: 'Debugger.scriptParsed',
  params: {
    scriptId: '32',
    url: 'node-internal:internal_net',
    startLine: 0,
    startColumn: 0,
    endLine: 1198,
    endColumn: 0,
    executionContextId: 28894433,
    hash: '76c250b0cc6ce7a96051a47d2f0460b4045202a329dc8f526bb623d42ba927d5',
    buildId: '',
    isLiveEdit: false,
    sourceMapURL: '',
    hasSourceURL: false,
    isModule: true,
    length: 44259,
    scriptLanguage: 'JavaScript',
    embedderName: 'node-internal:internal_net'
  }
}
---

--- 2026-04-26T04:36:07.195Z debug
[InspectorProxyWorker] RUNTIME INCOMING MESSAGE {
  id: 100000002,
  result: { debuggerId: '-1849741355120688312.-7972646838335804310' }
}
---

--- 2026-04-26T04:36:07.196Z debug
[InspectorProxyWorker] RUNTIME INCOMING MESSAGE { id: 100000003, method: 'Network.enable', result: {} }
---

--- 2026-04-26T04:36:17.138Z debug
[InspectorProxyWorker] SEND TO RUNTIME {"method":"Runtime.getIsolateId","id":100000004}
---

--- 2026-04-26T04:36:17.139Z debug
[InspectorProxyWorker] RUNTIME INCOMING MESSAGE { id: 100000004, result: { id: '4f5797a37bdbf428' } }
---

--- 2026-04-26T04:36:27.139Z debug
[InspectorProxyWorker] SEND TO RUNTIME {"method":"Runtime.getIsolateId","id":100000005}
---

--- 2026-04-26T04:36:27.140Z debug
[InspectorProxyWorker] RUNTIME INCOMING MESSAGE { id: 100000005, result: { id: '4f5797a37bdbf428' } }
---

--- 2026-04-26T04:36:37.137Z debug
[InspectorProxyWorker] SEND TO RUNTIME {"method":"Runtime.getIsolateId","id":100000006}
---

--- 2026-04-26T04:36:37.138Z debug
[InspectorProxyWorker] RUNTIME INCOMING MESSAGE { id: 100000006, result: { id: '4f5797a37bdbf428' } }
---

--- 2026-04-26T04:36:47.138Z debug
[InspectorProxyWorker] SEND TO RUNTIME {"method":"Runtime.getIsolateId","id":100000007}
---

--- 2026-04-26T04:36:47.139Z debug
[InspectorProxyWorker] RUNTIME INCOMING MESSAGE { id: 100000007, result: { id: '4f5797a37bdbf428' } }
---

--- 2026-04-26T04:36:57.138Z debug
[InspectorProxyWorker] SEND TO RUNTIME {"method":"Runtime.getIsolateId","id":100000008}
---

--- 2026-04-26T04:36:57.139Z debug
[InspectorProxyWorker] RUNTIME INCOMING MESSAGE { id: 100000008, result: { id: '4f5797a37bdbf428' } }
---

--- 2026-04-26T04:37:07.138Z debug
[InspectorProxyWorker] SEND TO RUNTIME {"method":"Runtime.getIsolateId","id":100000009}
---

--- 2026-04-26T04:37:07.138Z debug
[InspectorProxyWorker] RUNTIME INCOMING MESSAGE { id: 100000009, result: { id: '4f5797a37bdbf428' } }
---

--- 2026-04-26T04:37:17.136Z debug
[InspectorProxyWorker] SEND TO RUNTIME {"method":"Runtime.getIsolateId","id":100000010}
---

--- 2026-04-26T04:37:17.137Z debug
[InspectorProxyWorker] RUNTIME INCOMING MESSAGE { id: 100000010, result: { id: '4f5797a37bdbf428' } }
---

--- 2026-04-26T04:37:27.138Z debug
[InspectorProxyWorker] SEND TO RUNTIME {"method":"Runtime.getIsolateId","id":100000011}
---

--- 2026-04-26T04:37:27.140Z debug
[InspectorProxyWorker] RUNTIME INCOMING MESSAGE { id: 100000011, result: { id: '4f5797a37bdbf428' } }
---

--- 2026-04-26T04:37:37.136Z debug
[InspectorProxyWorker] SEND TO RUNTIME {"method":"Runtime.getIsolateId","id":100000012}
---

--- 2026-04-26T04:37:37.137Z debug
[InspectorProxyWorker] RUNTIME INCOMING MESSAGE { id: 100000012, result: { id: '4f5797a37bdbf428' } }
---

--- 2026-04-26T04:37:47.137Z debug
[InspectorProxyWorker] SEND TO RUNTIME {"method":"Runtime.getIsolateId","id":100000013}
---

--- 2026-04-26T04:37:47.138Z debug
[InspectorProxyWorker] RUNTIME INCOMING MESSAGE { id: 100000013, result: { id: '4f5797a37bdbf428' } }
---

--- 2026-04-26T04:37:57.138Z debug
[InspectorProxyWorker] SEND TO RUNTIME {"method":"Runtime.getIsolateId","id":100000014}
---

--- 2026-04-26T04:37:57.139Z debug
[InspectorProxyWorker] RUNTIME INCOMING MESSAGE { id: 100000014, result: { id: '4f5797a37bdbf428' } }
---

--- 2026-04-26T04:38:07.137Z debug
[InspectorProxyWorker] SEND TO RUNTIME {"method":"Runtime.getIsolateId","id":100000015}
---

--- 2026-04-26T04:38:07.138Z debug
[InspectorProxyWorker] RUNTIME INCOMING MESSAGE { id: 100000015, result: { id: '4f5797a37bdbf428' } }
---

--- 2026-04-26T04:38:17.137Z debug
[InspectorProxyWorker] SEND TO RUNTIME {"method":"Runtime.getIsolateId","id":100000016}
---

--- 2026-04-26T04:38:17.138Z debug
[InspectorProxyWorker] RUNTIME INCOMING MESSAGE { id: 100000016, result: { id: '4f5797a37bdbf428' } }
---

--- 2026-04-26T04:38:27.136Z debug
[InspectorProxyWorker] SEND TO RUNTIME {"method":"Runtime.getIsolateId","id":100000017}
---

--- 2026-04-26T04:38:27.137Z debug
[InspectorProxyWorker] RUNTIME INCOMING MESSAGE { id: 100000017, result: { id: '4f5797a37bdbf428' } }
---

--- 2026-04-26T04:38:37.137Z debug
[InspectorProxyWorker] SEND TO RUNTIME {"method":"Runtime.getIsolateId","id":100000018}
---

--- 2026-04-26T04:38:37.139Z debug
[InspectorProxyWorker] RUNTIME INCOMING MESSAGE { id: 100000018, result: { id: '4f5797a37bdbf428' } }
---

--- 2026-04-26T04:38:47.137Z debug
[InspectorProxyWorker] SEND TO RUNTIME {"method":"Runtime.getIsolateId","id":100000019}
---

--- 2026-04-26T04:38:47.138Z debug
[InspectorProxyWorker] RUNTIME INCOMING MESSAGE { id: 100000019, result: { id: '4f5797a37bdbf428' } }
---

--- 2026-04-26T04:38:57.138Z debug
[InspectorProxyWorker] SEND TO RUNTIME {"method":"Runtime.getIsolateId","id":100000020}
---

--- 2026-04-26T04:38:57.139Z debug
[InspectorProxyWorker] RUNTIME INCOMING MESSAGE { id: 100000020, result: { id: '4f5797a37bdbf428' } }
---

--- 2026-04-26T04:39:07.152Z debug
[InspectorProxyWorker] SEND TO RUNTIME {"method":"Runtime.getIsolateId","id":100000021}
---

--- 2026-04-26T04:39:07.153Z debug
[InspectorProxyWorker] RUNTIME INCOMING MESSAGE { id: 100000021, result: { id: '4f5797a37bdbf428' } }
---

--- 2026-04-26T04:39:17.136Z debug
[InspectorProxyWorker] SEND TO RUNTIME {"method":"Runtime.getIsolateId","id":100000022}
---

--- 2026-04-26T04:39:17.136Z debug
[InspectorProxyWorker] RUNTIME INCOMING MESSAGE { id: 100000022, result: { id: '4f5797a37bdbf428' } }
---

--- 2026-04-26T04:39:27.136Z debug
[InspectorProxyWorker] SEND TO RUNTIME {"method":"Runtime.getIsolateId","id":100000023}
---

--- 2026-04-26T04:39:27.136Z debug
[InspectorProxyWorker] RUNTIME INCOMING MESSAGE { id: 100000023, result: { id: '4f5797a37bdbf428' } }
---

--- 2026-04-26T04:39:37.135Z debug
[InspectorProxyWorker] SEND TO RUNTIME {"method":"Runtime.getIsolateId","id":100000024}
---

--- 2026-04-26T04:39:37.136Z debug
[InspectorProxyWorker] RUNTIME INCOMING MESSAGE { id: 100000024, result: { id: '4f5797a37bdbf428' } }
---

--- 2026-04-26T04:39:47.136Z debug
[InspectorProxyWorker] SEND TO RUNTIME {"method":"Runtime.getIsolateId","id":100000025}
---

--- 2026-04-26T04:39:47.137Z debug
[InspectorProxyWorker] RUNTIME INCOMING MESSAGE { id: 100000025, result: { id: '4f5797a37bdbf428' } }
---

--- 2026-04-26T04:39:57.137Z debug
[InspectorProxyWorker] SEND TO RUNTIME {"method":"Runtime.getIsolateId","id":100000026}
---

--- 2026-04-26T04:39:57.138Z debug
[InspectorProxyWorker] RUNTIME INCOMING MESSAGE { id: 100000026, result: { id: '4f5797a37bdbf428' } }
---

--- 2026-04-26T04:40:07.137Z debug
[InspectorProxyWorker] SEND TO RUNTIME {"method":"Runtime.getIsolateId","id":100000027}
---

--- 2026-04-26T04:40:07.138Z debug
[InspectorProxyWorker] RUNTIME INCOMING MESSAGE { id: 100000027, result: { id: '4f5797a37bdbf428' } }
---

--- 2026-04-26T04:40:17.137Z debug
[InspectorProxyWorker] SEND TO RUNTIME {"method":"Runtime.getIsolateId","id":100000028}
---

--- 2026-04-26T04:40:17.138Z debug
[InspectorProxyWorker] RUNTIME INCOMING MESSAGE { id: 100000028, result: { id: '4f5797a37bdbf428' } }
---

--- 2026-04-26T04:40:27.134Z debug
[InspectorProxyWorker] SEND TO RUNTIME {"method":"Runtime.getIsolateId","id":100000029}
---

--- 2026-04-26T04:40:27.135Z debug
[InspectorProxyWorker] RUNTIME INCOMING MESSAGE { id: 100000029, result: { id: '4f5797a37bdbf428' } }
---

--- 2026-04-26T04:40:37.135Z debug
[InspectorProxyWorker] SEND TO RUNTIME {"method":"Runtime.getIsolateId","id":100000030}
---

--- 2026-04-26T04:40:37.135Z debug
[InspectorProxyWorker] RUNTIME INCOMING MESSAGE { id: 100000030, result: { id: '4f5797a37bdbf428' } }
---

--- 2026-04-26T04:40:47.137Z debug
[InspectorProxyWorker] SEND TO RUNTIME {"method":"Runtime.getIsolateId","id":100000031}
---

--- 2026-04-26T04:40:47.139Z debug
[InspectorProxyWorker] RUNTIME INCOMING MESSAGE { id: 100000031, result: { id: '4f5797a37bdbf428' } }
---

--- 2026-04-26T04:40:57.136Z debug
[InspectorProxyWorker] SEND TO RUNTIME {"method":"Runtime.getIsolateId","id":100000032}
---

--- 2026-04-26T04:40:57.138Z debug
[InspectorProxyWorker] RUNTIME INCOMING MESSAGE { id: 100000032, result: { id: '4f5797a37bdbf428' } }
---

--- 2026-04-26T04:41:07.138Z debug
[InspectorProxyWorker] SEND TO RUNTIME {"method":"Runtime.getIsolateId","id":100000033}
---

--- 2026-04-26T04:41:07.138Z debug
[InspectorProxyWorker] RUNTIME INCOMING MESSAGE { id: 100000033, result: { id: '4f5797a37bdbf428' } }
---

--- 2026-04-26T04:41:17.136Z debug
[InspectorProxyWorker] SEND TO RUNTIME {"method":"Runtime.getIsolateId","id":100000034}
---

--- 2026-04-26T04:41:17.137Z debug
[InspectorProxyWorker] RUNTIME INCOMING MESSAGE { id: 100000034, result: { id: '4f5797a37bdbf428' } }
---

--- 2026-04-26T04:41:27.137Z debug
[InspectorProxyWorker] SEND TO RUNTIME {"method":"Runtime.getIsolateId","id":100000035}
---

--- 2026-04-26T04:41:27.138Z debug
[InspectorProxyWorker] RUNTIME INCOMING MESSAGE { id: 100000035, result: { id: '4f5797a37bdbf428' } }
---

--- 2026-04-26T04:41:37.137Z debug
[InspectorProxyWorker] SEND TO RUNTIME {"method":"Runtime.getIsolateId","id":100000036}
---

--- 2026-04-26T04:41:37.138Z debug
[InspectorProxyWorker] RUNTIME INCOMING MESSAGE { id: 100000036, result: { id: '4f5797a37bdbf428' } }
---

--- 2026-04-26T04:41:47.137Z debug
[InspectorProxyWorker] SEND TO RUNTIME {"method":"Runtime.getIsolateId","id":100000037}
---

--- 2026-04-26T04:41:47.138Z debug
[InspectorProxyWorker] RUNTIME INCOMING MESSAGE { id: 100000037, result: { id: '4f5797a37bdbf428' } }
---

--- 2026-04-26T04:41:57.136Z debug
[InspectorProxyWorker] SEND TO RUNTIME {"method":"Runtime.getIsolateId","id":100000038}
---

--- 2026-04-26T04:41:57.137Z debug
[InspectorProxyWorker] RUNTIME INCOMING MESSAGE { id: 100000038, result: { id: '4f5797a37bdbf428' } }
---

--- 2026-04-26T04:42:07.137Z debug
[InspectorProxyWorker] SEND TO RUNTIME {"method":"Runtime.getIsolateId","id":100000039}
---

--- 2026-04-26T04:42:07.138Z debug
[InspectorProxyWorker] RUNTIME INCOMING MESSAGE { id: 100000039, result: { id: '4f5797a37bdbf428' } }
---

--- 2026-04-26T04:42:17.138Z debug
[InspectorProxyWorker] SEND TO RUNTIME {"method":"Runtime.getIsolateId","id":100000040}
---

--- 2026-04-26T04:42:17.139Z debug
[InspectorProxyWorker] RUNTIME INCOMING MESSAGE { id: 100000040, result: { id: '4f5797a37bdbf428' } }
---

--- 2026-04-26T04:42:27.135Z debug
[InspectorProxyWorker] SEND TO RUNTIME {"method":"Runtime.getIsolateId","id":100000041}
---

--- 2026-04-26T04:42:27.136Z debug
[InspectorProxyWorker] RUNTIME INCOMING MESSAGE { id: 100000041, result: { id: '4f5797a37bdbf428' } }
---

--- 2026-04-26T04:42:37.134Z debug
[InspectorProxyWorker] SEND TO RUNTIME {"method":"Runtime.getIsolateId","id":100000042}
---

--- 2026-04-26T04:42:37.135Z debug
[InspectorProxyWorker] RUNTIME INCOMING MESSAGE { id: 100000042, result: { id: '4f5797a37bdbf428' } }
---

--- 2026-04-26T04:42:47.137Z debug
[InspectorProxyWorker] SEND TO RUNTIME {"method":"Runtime.getIsolateId","id":100000043}
---

--- 2026-04-26T04:42:47.138Z debug
[InspectorProxyWorker] RUNTIME INCOMING MESSAGE { id: 100000043, result: { id: '4f5797a37bdbf428' } }
---

--- 2026-04-26T04:42:57.137Z debug
[InspectorProxyWorker] SEND TO RUNTIME {"method":"Runtime.getIsolateId","id":100000044}
---

--- 2026-04-26T04:42:57.138Z debug
[InspectorProxyWorker] RUNTIME INCOMING MESSAGE { id: 100000044, result: { id: '4f5797a37bdbf428' } }
---

--- 2026-04-26T04:43:07.135Z debug
[InspectorProxyWorker] SEND TO RUNTIME {"method":"Runtime.getIsolateId","id":100000045}
---

--- 2026-04-26T04:43:07.135Z debug
[InspectorProxyWorker] RUNTIME INCOMING MESSAGE { id: 100000045, result: { id: '4f5797a37bdbf428' } }
---

--- 2026-04-26T04:43:17.138Z debug
[InspectorProxyWorker] SEND TO RUNTIME {"method":"Runtime.getIsolateId","id":100000046}
---

--- 2026-04-26T04:43:17.138Z debug
[InspectorProxyWorker] RUNTIME INCOMING MESSAGE { id: 100000046, result: { id: '4f5797a37bdbf428' } }
---

--- 2026-04-26T04:43:27.136Z debug
[InspectorProxyWorker] SEND TO RUNTIME {"method":"Runtime.getIsolateId","id":100000047}
---

--- 2026-04-26T04:43:27.137Z debug
[InspectorProxyWorker] RUNTIME INCOMING MESSAGE { id: 100000047, result: { id: '4f5797a37bdbf428' } }
---

--- 2026-04-26T04:43:37.138Z debug
[InspectorProxyWorker] SEND TO RUNTIME {"method":"Runtime.getIsolateId","id":100000048}
---

--- 2026-04-26T04:43:37.138Z debug
[InspectorProxyWorker] RUNTIME INCOMING MESSAGE { id: 100000048, result: { id: '4f5797a37bdbf428' } }
---

--- 2026-04-26T04:43:47.137Z debug
[InspectorProxyWorker] SEND TO RUNTIME {"method":"Runtime.getIsolateId","id":100000049}
---

--- 2026-04-26T04:43:47.138Z debug
[InspectorProxyWorker] RUNTIME INCOMING MESSAGE { id: 100000049, result: { id: '4f5797a37bdbf428' } }
---

--- 2026-04-26T04:43:57.138Z debug
[InspectorProxyWorker] SEND TO RUNTIME {"method":"Runtime.getIsolateId","id":100000050}
---

--- 2026-04-26T04:43:57.139Z debug
[InspectorProxyWorker] RUNTIME INCOMING MESSAGE { id: 100000050, result: { id: '4f5797a37bdbf428' } }
---

--- 2026-04-26T04:44:07.137Z debug
[InspectorProxyWorker] SEND TO RUNTIME {"method":"Runtime.getIsolateId","id":100000051}
---

--- 2026-04-26T04:44:07.138Z debug
[InspectorProxyWorker] RUNTIME INCOMING MESSAGE { id: 100000051, result: { id: '4f5797a37bdbf428' } }
---

--- 2026-04-26T04:44:17.133Z debug
[InspectorProxyWorker] SEND TO RUNTIME {"method":"Runtime.getIsolateId","id":100000052}
---

--- 2026-04-26T04:44:17.134Z debug
[InspectorProxyWorker] RUNTIME INCOMING MESSAGE { id: 100000052, result: { id: '4f5797a37bdbf428' } }
---

--- 2026-04-26T04:44:27.141Z debug
[InspectorProxyWorker] SEND TO RUNTIME {"method":"Runtime.getIsolateId","id":100000053}
---

--- 2026-04-26T04:44:27.142Z debug
[InspectorProxyWorker] RUNTIME INCOMING MESSAGE { id: 100000053, result: { id: '4f5797a37bdbf428' } }
---

--- 2026-04-26T04:44:37.138Z debug
[InspectorProxyWorker] SEND TO RUNTIME {"method":"Runtime.getIsolateId","id":100000054}
---

--- 2026-04-26T04:44:37.139Z debug
[InspectorProxyWorker] RUNTIME INCOMING MESSAGE { id: 100000054, result: { id: '4f5797a37bdbf428' } }
---

--- 2026-04-26T04:44:47.137Z debug
[InspectorProxyWorker] SEND TO RUNTIME {"method":"Runtime.getIsolateId","id":100000055}
---

--- 2026-04-26T04:44:47.138Z debug
[InspectorProxyWorker] RUNTIME INCOMING MESSAGE { id: 100000055, result: { id: '4f5797a37bdbf428' } }
---

--- 2026-04-26T04:44:57.137Z debug
[InspectorProxyWorker] SEND TO RUNTIME {"method":"Runtime.getIsolateId","id":100000056}
---

--- 2026-04-26T04:44:57.138Z debug
[InspectorProxyWorker] RUNTIME INCOMING MESSAGE { id: 100000056, result: { id: '4f5797a37bdbf428' } }
---

--- 2026-04-26T04:45:07.137Z debug
[InspectorProxyWorker] SEND TO RUNTIME {"method":"Runtime.getIsolateId","id":100000057}
---

--- 2026-04-26T04:45:07.138Z debug
[InspectorProxyWorker] RUNTIME INCOMING MESSAGE { id: 100000057, result: { id: '4f5797a37bdbf428' } }
---

--- 2026-04-26T04:45:17.135Z debug
[InspectorProxyWorker] SEND TO RUNTIME {"method":"Runtime.getIsolateId","id":100000058}
---

--- 2026-04-26T04:45:17.136Z debug
[InspectorProxyWorker] RUNTIME INCOMING MESSAGE { id: 100000058, result: { id: '4f5797a37bdbf428' } }
---

--- 2026-04-26T04:45:27.139Z debug
[InspectorProxyWorker] SEND TO RUNTIME {"method":"Runtime.getIsolateId","id":100000059}
---

--- 2026-04-26T04:45:27.140Z debug
[InspectorProxyWorker] RUNTIME INCOMING MESSAGE { id: 100000059, result: { id: '4f5797a37bdbf428' } }
---

--- 2026-04-26T04:45:37.137Z debug
[InspectorProxyWorker] SEND TO RUNTIME {"method":"Runtime.getIsolateId","id":100000060}
---

--- 2026-04-26T04:45:37.138Z debug
[InspectorProxyWorker] RUNTIME INCOMING MESSAGE { id: 100000060, result: { id: '4f5797a37bdbf428' } }
---

--- 2026-04-26T04:45:47.137Z debug
[InspectorProxyWorker] SEND TO RUNTIME {"method":"Runtime.getIsolateId","id":100000061}
---

--- 2026-04-26T04:45:47.138Z debug
[InspectorProxyWorker] RUNTIME INCOMING MESSAGE { id: 100000061, result: { id: '4f5797a37bdbf428' } }
---

--- 2026-04-26T04:45:57.137Z debug
[InspectorProxyWorker] SEND TO RUNTIME {"method":"Runtime.getIsolateId","id":100000062}
---

--- 2026-04-26T04:45:57.138Z debug
[InspectorProxyWorker] RUNTIME INCOMING MESSAGE { id: 100000062, result: { id: '4f5797a37bdbf428' } }
---

--- 2026-04-26T04:46:07.133Z debug
[InspectorProxyWorker] SEND TO RUNTIME {"method":"Runtime.getIsolateId","id":100000063}
---

--- 2026-04-26T04:46:07.134Z debug
[InspectorProxyWorker] RUNTIME INCOMING MESSAGE { id: 100000063, result: { id: '4f5797a37bdbf428' } }
---

--- 2026-04-26T04:46:17.137Z debug
[InspectorProxyWorker] SEND TO RUNTIME {"method":"Runtime.getIsolateId","id":100000064}
---

--- 2026-04-26T04:46:17.138Z debug
[InspectorProxyWorker] RUNTIME INCOMING MESSAGE { id: 100000064, result: { id: '4f5797a37bdbf428' } }
---

--- 2026-04-26T04:46:27.137Z debug
[InspectorProxyWorker] SEND TO RUNTIME {"method":"Runtime.getIsolateId","id":100000065}
---

--- 2026-04-26T04:46:27.138Z debug
[InspectorProxyWorker] RUNTIME INCOMING MESSAGE { id: 100000065, result: { id: '4f5797a37bdbf428' } }
---

--- 2026-04-26T04:46:37.137Z debug
[InspectorProxyWorker] SEND TO RUNTIME {"method":"Runtime.getIsolateId","id":100000066}
---

--- 2026-04-26T04:46:37.138Z debug
[InspectorProxyWorker] RUNTIME INCOMING MESSAGE { id: 100000066, result: { id: '4f5797a37bdbf428' } }
---

--- 2026-04-26T04:46:47.135Z debug
[InspectorProxyWorker] SEND TO RUNTIME {"method":"Runtime.getIsolateId","id":100000067}
---

--- 2026-04-26T04:46:47.136Z debug
[InspectorProxyWorker] RUNTIME INCOMING MESSAGE { id: 100000067, result: { id: '4f5797a37bdbf428' } }
---

--- 2026-04-26T04:46:57.137Z debug
[InspectorProxyWorker] SEND TO RUNTIME {"method":"Runtime.getIsolateId","id":100000068}
---

--- 2026-04-26T04:46:57.138Z debug
[InspectorProxyWorker] RUNTIME INCOMING MESSAGE { id: 100000068, result: { id: '4f5797a37bdbf428' } }
---

--- 2026-04-26T04:47:07.137Z debug
[InspectorProxyWorker] SEND TO RUNTIME {"method":"Runtime.getIsolateId","id":100000069}
---

--- 2026-04-26T04:47:07.137Z debug
[InspectorProxyWorker] RUNTIME INCOMING MESSAGE { id: 100000069, result: { id: '4f5797a37bdbf428' } }
---

--- 2026-04-26T04:47:17.138Z debug
[InspectorProxyWorker] SEND TO RUNTIME {"method":"Runtime.getIsolateId","id":100000070}
---

--- 2026-04-26T04:47:17.138Z debug
[InspectorProxyWorker] RUNTIME INCOMING MESSAGE { id: 100000070, result: { id: '4f5797a37bdbf428' } }
---

--- 2026-04-26T04:47:27.135Z debug
[InspectorProxyWorker] SEND TO RUNTIME {"method":"Runtime.getIsolateId","id":100000071}
---

--- 2026-04-26T04:47:27.136Z debug
[InspectorProxyWorker] RUNTIME INCOMING MESSAGE { id: 100000071, result: { id: '4f5797a37bdbf428' } }
---

--- 2026-04-26T04:47:37.136Z debug
[InspectorProxyWorker] SEND TO RUNTIME {"method":"Runtime.getIsolateId","id":100000072}
---

--- 2026-04-26T04:47:37.137Z debug
[InspectorProxyWorker] RUNTIME INCOMING MESSAGE { id: 100000072, result: { id: '4f5797a37bdbf428' } }
---

--- 2026-04-26T04:47:47.135Z debug
[InspectorProxyWorker] SEND TO RUNTIME {"method":"Runtime.getIsolateId","id":100000073}
---

--- 2026-04-26T04:47:47.136Z debug
[InspectorProxyWorker] RUNTIME INCOMING MESSAGE { id: 100000073, result: { id: '4f5797a37bdbf428' } }
---

--- 2026-04-26T04:47:57.137Z debug
[InspectorProxyWorker] SEND TO RUNTIME {"method":"Runtime.getIsolateId","id":100000074}
---

--- 2026-04-26T04:47:57.139Z debug
[InspectorProxyWorker] RUNTIME INCOMING MESSAGE { id: 100000074, result: { id: '4f5797a37bdbf428' } }
---

--- 2026-04-26T04:48:07.137Z debug
[InspectorProxyWorker] SEND TO RUNTIME {"method":"Runtime.getIsolateId","id":100000075}
---

--- 2026-04-26T04:48:07.138Z debug
[InspectorProxyWorker] RUNTIME INCOMING MESSAGE { id: 100000075, result: { id: '4f5797a37bdbf428' } }
---

--- 2026-04-26T04:48:17.136Z debug
[InspectorProxyWorker] SEND TO RUNTIME {"method":"Runtime.getIsolateId","id":100000076}
---

--- 2026-04-26T04:48:17.137Z debug
[InspectorProxyWorker] RUNTIME INCOMING MESSAGE { id: 100000076, result: { id: '4f5797a37bdbf428' } }
---

--- 2026-04-26T04:48:27.137Z debug
[InspectorProxyWorker] SEND TO RUNTIME {"method":"Runtime.getIsolateId","id":100000077}
---

--- 2026-04-26T04:48:27.138Z debug
[InspectorProxyWorker] RUNTIME INCOMING MESSAGE { id: 100000077, result: { id: '4f5797a37bdbf428' } }
---

--- 2026-04-26T04:48:37.137Z debug
[InspectorProxyWorker] SEND TO RUNTIME {"method":"Runtime.getIsolateId","id":100000078}
---

--- 2026-04-26T04:48:37.138Z debug
[InspectorProxyWorker] RUNTIME INCOMING MESSAGE { id: 100000078, result: { id: '4f5797a37bdbf428' } }
---

--- 2026-04-26T04:48:47.135Z debug
[InspectorProxyWorker] SEND TO RUNTIME {"method":"Runtime.getIsolateId","id":100000079}
---

--- 2026-04-26T04:48:47.136Z debug
[InspectorProxyWorker] RUNTIME INCOMING MESSAGE { id: 100000079, result: { id: '4f5797a37bdbf428' } }
---

--- 2026-04-26T04:48:57.138Z debug
[InspectorProxyWorker] SEND TO RUNTIME {"method":"Runtime.getIsolateId","id":100000080}
---

--- 2026-04-26T04:48:57.138Z debug
[InspectorProxyWorker] RUNTIME INCOMING MESSAGE { id: 100000080, result: { id: '4f5797a37bdbf428' } }
---

--- 2026-04-26T04:49:07.136Z debug
[InspectorProxyWorker] SEND TO RUNTIME {"method":"Runtime.getIsolateId","id":100000081}
---

--- 2026-04-26T04:49:07.137Z debug
[InspectorProxyWorker] RUNTIME INCOMING MESSAGE { id: 100000081, result: { id: '4f5797a37bdbf428' } }
---

--- 2026-04-26T04:49:17.137Z debug
[InspectorProxyWorker] SEND TO RUNTIME {"method":"Runtime.getIsolateId","id":100000082}
---

--- 2026-04-26T04:49:17.138Z debug
[InspectorProxyWorker] RUNTIME INCOMING MESSAGE { id: 100000082, result: { id: '4f5797a37bdbf428' } }
---

--- 2026-04-26T04:49:27.138Z debug
[InspectorProxyWorker] SEND TO RUNTIME {"method":"Runtime.getIsolateId","id":100000083}
---

--- 2026-04-26T04:49:27.138Z debug
[InspectorProxyWorker] RUNTIME INCOMING MESSAGE { id: 100000083, result: { id: '4f5797a37bdbf428' } }
---

--- 2026-04-26T04:49:37.136Z debug
[InspectorProxyWorker] SEND TO RUNTIME {"method":"Runtime.getIsolateId","id":100000084}
---

--- 2026-04-26T04:49:37.137Z debug
[InspectorProxyWorker] RUNTIME INCOMING MESSAGE { id: 100000084, result: { id: '4f5797a37bdbf428' } }
---

--- 2026-04-26T04:49:47.138Z debug
[InspectorProxyWorker] SEND TO RUNTIME {"method":"Runtime.getIsolateId","id":100000085}
---

--- 2026-04-26T04:49:47.139Z debug
[InspectorProxyWorker] RUNTIME INCOMING MESSAGE { id: 100000085, result: { id: '4f5797a37bdbf428' } }
---

--- 2026-04-26T04:49:57.136Z debug
[InspectorProxyWorker] SEND TO RUNTIME {"method":"Runtime.getIsolateId","id":100000086}
---

--- 2026-04-26T04:49:57.137Z debug
[InspectorProxyWorker] RUNTIME INCOMING MESSAGE { id: 100000086, result: { id: '4f5797a37bdbf428' } }
---

--- 2026-04-26T04:50:07.136Z debug
[InspectorProxyWorker] SEND TO RUNTIME {"method":"Runtime.getIsolateId","id":100000087}
---

--- 2026-04-26T04:50:07.137Z debug
[InspectorProxyWorker] RUNTIME INCOMING MESSAGE { id: 100000087, result: { id: '4f5797a37bdbf428' } }
---

--- 2026-04-26T04:50:17.137Z debug
[InspectorProxyWorker] SEND TO RUNTIME {"method":"Runtime.getIsolateId","id":100000088}
---

--- 2026-04-26T04:50:17.139Z debug
[InspectorProxyWorker] RUNTIME INCOMING MESSAGE { id: 100000088, result: { id: '4f5797a37bdbf428' } }
---

--- 2026-04-26T04:50:27.138Z debug
[InspectorProxyWorker] SEND TO RUNTIME {"method":"Runtime.getIsolateId","id":100000089}
---

--- 2026-04-26T04:50:27.139Z debug
[InspectorProxyWorker] RUNTIME INCOMING MESSAGE { id: 100000089, result: { id: '4f5797a37bdbf428' } }
---

--- 2026-04-26T04:50:37.146Z debug
[InspectorProxyWorker] SEND TO RUNTIME {"method":"Runtime.getIsolateId","id":100000090}
---

--- 2026-04-26T04:50:37.147Z debug
[InspectorProxyWorker] RUNTIME INCOMING MESSAGE { id: 100000090, result: { id: '4f5797a37bdbf428' } }
---

--- 2026-04-26T04:50:47.137Z debug
[InspectorProxyWorker] SEND TO RUNTIME {"method":"Runtime.getIsolateId","id":100000091}
---

--- 2026-04-26T04:50:47.138Z debug
[InspectorProxyWorker] RUNTIME INCOMING MESSAGE { id: 100000091, result: { id: '4f5797a37bdbf428' } }
---

--- 2026-04-26T04:50:57.137Z debug
[InspectorProxyWorker] SEND TO RUNTIME {"method":"Runtime.getIsolateId","id":100000092}
---

--- 2026-04-26T04:50:57.138Z debug
[InspectorProxyWorker] RUNTIME INCOMING MESSAGE { id: 100000092, result: { id: '4f5797a37bdbf428' } }
---

--- 2026-04-26T04:51:07.138Z debug
[InspectorProxyWorker] SEND TO RUNTIME {"method":"Runtime.getIsolateId","id":100000093}
---

--- 2026-04-26T04:51:07.139Z debug
[InspectorProxyWorker] RUNTIME INCOMING MESSAGE { id: 100000093, result: { id: '4f5797a37bdbf428' } }
---

--- 2026-04-26T04:51:17.139Z debug
[InspectorProxyWorker] SEND TO RUNTIME {"method":"Runtime.getIsolateId","id":100000094}
---

--- 2026-04-26T04:51:17.139Z debug
[InspectorProxyWorker] RUNTIME INCOMING MESSAGE { id: 100000094, result: { id: '4f5797a37bdbf428' } }
---

--- 2026-04-26T04:51:27.139Z debug
[InspectorProxyWorker] SEND TO RUNTIME {"method":"Runtime.getIsolateId","id":100000095}
---

--- 2026-04-26T04:51:27.140Z debug
[InspectorProxyWorker] RUNTIME INCOMING MESSAGE { id: 100000095, result: { id: '4f5797a37bdbf428' } }
---

--- 2026-04-26T04:51:37.137Z debug
[InspectorProxyWorker] SEND TO RUNTIME {"method":"Runtime.getIsolateId","id":100000096}
---

--- 2026-04-26T04:51:37.138Z debug
[InspectorProxyWorker] RUNTIME INCOMING MESSAGE { id: 100000096, result: { id: '4f5797a37bdbf428' } }
---

--- 2026-04-26T04:51:47.137Z debug
[InspectorProxyWorker] SEND TO RUNTIME {"method":"Runtime.getIsolateId","id":100000097}
---

--- 2026-04-26T04:51:47.138Z debug
[InspectorProxyWorker] RUNTIME INCOMING MESSAGE { id: 100000097, result: { id: '4f5797a37bdbf428' } }
---

--- 2026-04-26T04:51:57.134Z debug
[InspectorProxyWorker] SEND TO RUNTIME {"method":"Runtime.getIsolateId","id":100000098}
---

--- 2026-04-26T04:51:57.134Z debug
[InspectorProxyWorker] RUNTIME INCOMING MESSAGE { id: 100000098, result: { id: '4f5797a37bdbf428' } }
---

--- 2026-04-26T04:52:07.138Z debug
[InspectorProxyWorker] SEND TO RUNTIME {"method":"Runtime.getIsolateId","id":100000099}
---

--- 2026-04-26T04:52:07.138Z debug
[InspectorProxyWorker] RUNTIME INCOMING MESSAGE { id: 100000099, result: { id: '4f5797a37bdbf428' } }
---

--- 2026-04-26T04:52:17.137Z debug
[InspectorProxyWorker] SEND TO RUNTIME {"method":"Runtime.getIsolateId","id":100000100}
---

--- 2026-04-26T04:52:17.138Z debug
[InspectorProxyWorker] RUNTIME INCOMING MESSAGE { id: 100000100, result: { id: '4f5797a37bdbf428' } }
---

--- 2026-04-26T04:52:27.137Z debug
[InspectorProxyWorker] SEND TO RUNTIME {"method":"Runtime.getIsolateId","id":100000101}
---

--- 2026-04-26T04:52:27.141Z debug
[InspectorProxyWorker] RUNTIME INCOMING MESSAGE { id: 100000101, result: { id: '4f5797a37bdbf428' } }
---

--- 2026-04-26T04:52:37.136Z debug
[InspectorProxyWorker] SEND TO RUNTIME {"method":"Runtime.getIsolateId","id":100000102}
---

--- 2026-04-26T04:52:37.137Z debug
[InspectorProxyWorker] RUNTIME INCOMING MESSAGE { id: 100000102, result: { id: '4f5797a37bdbf428' } }
---

--- 2026-04-26T04:52:47.136Z debug
[InspectorProxyWorker] SEND TO RUNTIME {"method":"Runtime.getIsolateId","id":100000103}
---

--- 2026-04-26T04:52:47.137Z debug
[InspectorProxyWorker] RUNTIME INCOMING MESSAGE { id: 100000103, result: { id: '4f5797a37bdbf428' } }
---

--- 2026-04-26T04:52:57.137Z debug
[InspectorProxyWorker] SEND TO RUNTIME {"method":"Runtime.getIsolateId","id":100000104}
---

--- 2026-04-26T04:52:57.138Z debug
[InspectorProxyWorker] RUNTIME INCOMING MESSAGE { id: 100000104, result: { id: '4f5797a37bdbf428' } }
---

--- 2026-04-26T04:53:07.137Z debug
[InspectorProxyWorker] SEND TO RUNTIME {"method":"Runtime.getIsolateId","id":100000105}
---

--- 2026-04-26T04:53:07.138Z debug
[InspectorProxyWorker] RUNTIME INCOMING MESSAGE { id: 100000105, result: { id: '4f5797a37bdbf428' } }
---

--- 2026-04-26T04:53:17.486Z debug
[InspectorProxyWorker] SEND TO RUNTIME {"method":"Runtime.getIsolateId","id":100000106}
---

--- 2026-04-26T04:53:17.487Z debug
[InspectorProxyWorker] RUNTIME INCOMING MESSAGE { id: 100000106, result: { id: '4f5797a37bdbf428' } }
---

--- 2026-04-26T04:53:26.788Z debug
[InspectorProxyWorker] SEND TO RUNTIME {"method":"Runtime.getIsolateId","id":100000107}
---

--- 2026-04-26T04:53:26.789Z debug
[InspectorProxyWorker] RUNTIME INCOMING MESSAGE { id: 100000107, result: { id: '4f5797a37bdbf428' } }
---

--- 2026-04-26T04:53:36.794Z debug
[InspectorProxyWorker] SEND TO RUNTIME {"method":"Runtime.getIsolateId","id":100000108}
---

--- 2026-04-26T04:53:36.795Z debug
[InspectorProxyWorker] RUNTIME INCOMING MESSAGE { id: 100000108, result: { id: '4f5797a37bdbf428' } }
---

--- 2026-04-26T04:53:46.794Z debug
[InspectorProxyWorker] SEND TO RUNTIME {"method":"Runtime.getIsolateId","id":100000109}
---

--- 2026-04-26T04:53:46.795Z debug
[InspectorProxyWorker] RUNTIME INCOMING MESSAGE { id: 100000109, result: { id: '4f5797a37bdbf428' } }
---

--- 2026-04-26T04:53:56.794Z debug
[InspectorProxyWorker] SEND TO RUNTIME {"method":"Runtime.getIsolateId","id":100000110}
---

--- 2026-04-26T04:53:56.795Z debug
[InspectorProxyWorker] RUNTIME INCOMING MESSAGE { id: 100000110, result: { id: '4f5797a37bdbf428' } }
---

--- 2026-04-26T04:54:06.794Z debug
[InspectorProxyWorker] SEND TO RUNTIME {"method":"Runtime.getIsolateId","id":100000111}
---

--- 2026-04-26T04:54:06.795Z debug
[InspectorProxyWorker] RUNTIME INCOMING MESSAGE { id: 100000111, result: { id: '4f5797a37bdbf428' } }
---

--- 2026-04-26T04:54:16.793Z debug
[InspectorProxyWorker] SEND TO RUNTIME {"method":"Runtime.getIsolateId","id":100000112}
---

--- 2026-04-26T04:54:16.794Z debug
[InspectorProxyWorker] RUNTIME INCOMING MESSAGE { id: 100000112, result: { id: '4f5797a37bdbf428' } }
---

--- 2026-04-26T04:54:26.790Z debug
[InspectorProxyWorker] SEND TO RUNTIME {"method":"Runtime.getIsolateId","id":100000113}
---

--- 2026-04-26T04:54:26.791Z debug
[InspectorProxyWorker] RUNTIME INCOMING MESSAGE { id: 100000113, result: { id: '4f5797a37bdbf428' } }
---

--- 2026-04-26T04:54:36.793Z debug
[InspectorProxyWorker] SEND TO RUNTIME {"method":"Runtime.getIsolateId","id":100000114}
---

--- 2026-04-26T04:54:36.794Z debug
[InspectorProxyWorker] RUNTIME INCOMING MESSAGE { id: 100000114, result: { id: '4f5797a37bdbf428' } }
---

--- 2026-04-26T04:54:46.793Z debug
[InspectorProxyWorker] SEND TO RUNTIME {"method":"Runtime.getIsolateId","id":100000115}
---

--- 2026-04-26T04:54:46.794Z debug
[InspectorProxyWorker] RUNTIME INCOMING MESSAGE { id: 100000115, result: { id: '4f5797a37bdbf428' } }
---

--- 2026-04-26T04:54:56.793Z debug
[InspectorProxyWorker] SEND TO RUNTIME {"method":"Runtime.getIsolateId","id":100000116}
---

--- 2026-04-26T04:54:56.794Z debug
[InspectorProxyWorker] RUNTIME INCOMING MESSAGE { id: 100000116, result: { id: '4f5797a37bdbf428' } }
---

--- 2026-04-26T04:55:06.794Z debug
[InspectorProxyWorker] SEND TO RUNTIME {"method":"Runtime.getIsolateId","id":100000117}
---

--- 2026-04-26T04:55:06.795Z debug
[InspectorProxyWorker] RUNTIME INCOMING MESSAGE { id: 100000117, result: { id: '4f5797a37bdbf428' } }
---

--- 2026-04-26T04:55:16.794Z debug
[InspectorProxyWorker] SEND TO RUNTIME {"method":"Runtime.getIsolateId","id":100000118}
---

--- 2026-04-26T04:55:16.795Z debug
[InspectorProxyWorker] RUNTIME INCOMING MESSAGE { id: 100000118, result: { id: '4f5797a37bdbf428' } }
---

--- 2026-04-26T04:55:26.791Z debug
[InspectorProxyWorker] SEND TO RUNTIME {"method":"Runtime.getIsolateId","id":100000119}
---

--- 2026-04-26T04:55:26.792Z debug
[InspectorProxyWorker] RUNTIME INCOMING MESSAGE { id: 100000119, result: { id: '4f5797a37bdbf428' } }
---

--- 2026-04-26T04:55:36.790Z debug
[InspectorProxyWorker] SEND TO RUNTIME {"method":"Runtime.getIsolateId","id":100000120}
---

--- 2026-04-26T04:55:36.791Z debug
[InspectorProxyWorker] RUNTIME INCOMING MESSAGE { id: 100000120, result: { id: '4f5797a37bdbf428' } }
---

--- 2026-04-26T04:55:46.794Z debug
[InspectorProxyWorker] SEND TO RUNTIME {"method":"Runtime.getIsolateId","id":100000121}
---

--- 2026-04-26T04:55:46.794Z debug
[InspectorProxyWorker] RUNTIME INCOMING MESSAGE { id: 100000121, result: { id: '4f5797a37bdbf428' } }
---

--- 2026-04-26T04:55:56.793Z debug
[InspectorProxyWorker] SEND TO RUNTIME {"method":"Runtime.getIsolateId","id":100000122}
---

--- 2026-04-26T04:55:56.794Z debug
[InspectorProxyWorker] RUNTIME INCOMING MESSAGE { id: 100000122, result: { id: '4f5797a37bdbf428' } }
---

--- 2026-04-26T04:56:06.791Z debug
[InspectorProxyWorker] SEND TO RUNTIME {"method":"Runtime.getIsolateId","id":100000123}
---

--- 2026-04-26T04:56:06.792Z debug
[InspectorProxyWorker] RUNTIME INCOMING MESSAGE { id: 100000123, result: { id: '4f5797a37bdbf428' } }
---

--- 2026-04-26T04:56:16.792Z debug
[InspectorProxyWorker] SEND TO RUNTIME {"method":"Runtime.getIsolateId","id":100000124}
---

--- 2026-04-26T04:56:16.793Z debug
[InspectorProxyWorker] RUNTIME INCOMING MESSAGE { id: 100000124, result: { id: '4f5797a37bdbf428' } }
---

--- 2026-04-26T04:56:26.793Z debug
[InspectorProxyWorker] SEND TO RUNTIME {"method":"Runtime.getIsolateId","id":100000125}
---

--- 2026-04-26T04:56:26.794Z debug
[InspectorProxyWorker] RUNTIME INCOMING MESSAGE { id: 100000125, result: { id: '4f5797a37bdbf428' } }
---

--- 2026-04-26T04:56:36.793Z debug
[InspectorProxyWorker] SEND TO RUNTIME {"method":"Runtime.getIsolateId","id":100000126}
---

--- 2026-04-26T04:56:36.794Z debug
[InspectorProxyWorker] RUNTIME INCOMING MESSAGE { id: 100000126, result: { id: '4f5797a37bdbf428' } }
---

--- 2026-04-26T04:56:46.793Z debug
[InspectorProxyWorker] SEND TO RUNTIME {"method":"Runtime.getIsolateId","id":100000127}
---

--- 2026-04-26T04:56:46.794Z debug
[InspectorProxyWorker] RUNTIME INCOMING MESSAGE { id: 100000127, result: { id: '4f5797a37bdbf428' } }
---

--- 2026-04-26T04:56:56.793Z debug
[InspectorProxyWorker] SEND TO RUNTIME {"method":"Runtime.getIsolateId","id":100000128}
---

--- 2026-04-26T04:56:56.794Z debug
[InspectorProxyWorker] RUNTIME INCOMING MESSAGE { id: 100000128, result: { id: '4f5797a37bdbf428' } }
---

--- 2026-04-26T04:57:06.790Z debug
[InspectorProxyWorker] SEND TO RUNTIME {"method":"Runtime.getIsolateId","id":100000129}
---

--- 2026-04-26T04:57:06.791Z debug
[InspectorProxyWorker] RUNTIME INCOMING MESSAGE { id: 100000129, result: { id: '4f5797a37bdbf428' } }
---

--- 2026-04-26T04:57:16.794Z debug
[InspectorProxyWorker] SEND TO RUNTIME {"method":"Runtime.getIsolateId","id":100000130}
---

--- 2026-04-26T04:57:16.796Z debug
[InspectorProxyWorker] RUNTIME INCOMING MESSAGE { id: 100000130, result: { id: '4f5797a37bdbf428' } }
---

--- 2026-04-26T04:57:26.791Z debug
[InspectorProxyWorker] SEND TO RUNTIME {"method":"Runtime.getIsolateId","id":100000131}
---

--- 2026-04-26T04:57:26.792Z debug
[InspectorProxyWorker] RUNTIME INCOMING MESSAGE { id: 100000131, result: { id: '4f5797a37bdbf428' } }
---

--- 2026-04-26T04:57:36.792Z debug
[InspectorProxyWorker] SEND TO RUNTIME {"method":"Runtime.getIsolateId","id":100000132}
---

--- 2026-04-26T04:57:36.792Z debug
[InspectorProxyWorker] RUNTIME INCOMING MESSAGE { id: 100000132, result: { id: '4f5797a37bdbf428' } }
---

--- 2026-04-26T04:57:46.789Z debug
[InspectorProxyWorker] SEND TO RUNTIME {"method":"Runtime.getIsolateId","id":100000133}
---

--- 2026-04-26T04:57:46.789Z debug
[InspectorProxyWorker] RUNTIME INCOMING MESSAGE { id: 100000133, result: { id: '4f5797a37bdbf428' } }
---

--- 2026-04-26T04:57:56.791Z debug
[InspectorProxyWorker] SEND TO RUNTIME {"method":"Runtime.getIsolateId","id":100000134}
---

--- 2026-04-26T04:57:56.792Z debug
[InspectorProxyWorker] RUNTIME INCOMING MESSAGE { id: 100000134, result: { id: '4f5797a37bdbf428' } }
---

--- 2026-04-26T04:58:06.795Z debug
[InspectorProxyWorker] SEND TO RUNTIME {"method":"Runtime.getIsolateId","id":100000135}
---

--- 2026-04-26T04:58:06.796Z debug
[InspectorProxyWorker] RUNTIME INCOMING MESSAGE { id: 100000135, result: { id: '4f5797a37bdbf428' } }
---

--- 2026-04-26T04:58:16.793Z debug
[InspectorProxyWorker] SEND TO RUNTIME {"method":"Runtime.getIsolateId","id":100000136}
---

--- 2026-04-26T04:58:16.794Z debug
[InspectorProxyWorker] RUNTIME INCOMING MESSAGE { id: 100000136, result: { id: '4f5797a37bdbf428' } }
---

--- 2026-04-26T04:58:26.792Z debug
[InspectorProxyWorker] SEND TO RUNTIME {"method":"Runtime.getIsolateId","id":100000137}
---

--- 2026-04-26T04:58:26.793Z debug
[InspectorProxyWorker] RUNTIME INCOMING MESSAGE { id: 100000137, result: { id: '4f5797a37bdbf428' } }
---

--- 2026-04-26T04:58:36.793Z debug
[InspectorProxyWorker] SEND TO RUNTIME {"method":"Runtime.getIsolateId","id":100000138}
---

--- 2026-04-26T04:58:36.794Z debug
[InspectorProxyWorker] RUNTIME INCOMING MESSAGE { id: 100000138, result: { id: '4f5797a37bdbf428' } }
---

--- 2026-04-26T04:58:46.794Z debug
[InspectorProxyWorker] SEND TO RUNTIME {"method":"Runtime.getIsolateId","id":100000139}
---

--- 2026-04-26T04:58:46.795Z debug
[InspectorProxyWorker] RUNTIME INCOMING MESSAGE { id: 100000139, result: { id: '4f5797a37bdbf428' } }
---

--- 2026-04-26T04:58:56.792Z debug
[InspectorProxyWorker] SEND TO RUNTIME {"method":"Runtime.getIsolateId","id":100000140}
---

--- 2026-04-26T04:58:56.793Z debug
[InspectorProxyWorker] RUNTIME INCOMING MESSAGE { id: 100000140, result: { id: '4f5797a37bdbf428' } }
---

--- 2026-04-26T04:59:06.793Z debug
[InspectorProxyWorker] SEND TO RUNTIME {"method":"Runtime.getIsolateId","id":100000141}
---

--- 2026-04-26T04:59:06.794Z debug
[InspectorProxyWorker] RUNTIME INCOMING MESSAGE { id: 100000141, result: { id: '4f5797a37bdbf428' } }
---

--- 2026-04-26T04:59:16.794Z debug
[InspectorProxyWorker] SEND TO RUNTIME {"method":"Runtime.getIsolateId","id":100000142}
---

--- 2026-04-26T04:59:16.794Z debug
[InspectorProxyWorker] RUNTIME INCOMING MESSAGE { id: 100000142, result: { id: '4f5797a37bdbf428' } }
---

--- 2026-04-26T04:59:26.792Z debug
[InspectorProxyWorker] SEND TO RUNTIME {"method":"Runtime.getIsolateId","id":100000143}
---

--- 2026-04-26T04:59:26.792Z debug
[InspectorProxyWorker] RUNTIME INCOMING MESSAGE { id: 100000143, result: { id: '4f5797a37bdbf428' } }
---

--- 2026-04-26T04:59:36.792Z debug
[InspectorProxyWorker] SEND TO RUNTIME {"method":"Runtime.getIsolateId","id":100000144}
---

--- 2026-04-26T04:59:36.794Z debug
[InspectorProxyWorker] RUNTIME INCOMING MESSAGE { id: 100000144, result: { id: '4f5797a37bdbf428' } }
---

--- 2026-04-26T04:59:46.790Z debug
[InspectorProxyWorker] SEND TO RUNTIME {"method":"Runtime.getIsolateId","id":100000145}
---

--- 2026-04-26T04:59:46.791Z debug
[InspectorProxyWorker] RUNTIME INCOMING MESSAGE { id: 100000145, result: { id: '4f5797a37bdbf428' } }
---

--- 2026-04-26T04:59:56.794Z debug
[InspectorProxyWorker] SEND TO RUNTIME {"method":"Runtime.getIsolateId","id":100000146}
---

--- 2026-04-26T04:59:56.794Z debug
[InspectorProxyWorker] RUNTIME INCOMING MESSAGE { id: 100000146, result: { id: '4f5797a37bdbf428' } }
---

--- 2026-04-26T05:00:06.792Z debug
[InspectorProxyWorker] SEND TO RUNTIME {"method":"Runtime.getIsolateId","id":100000147}
---

--- 2026-04-26T05:00:06.793Z debug
[InspectorProxyWorker] RUNTIME INCOMING MESSAGE { id: 100000147, result: { id: '4f5797a37bdbf428' } }
---

--- 2026-04-26T05:00:16.792Z debug
[InspectorProxyWorker] SEND TO RUNTIME {"method":"Runtime.getIsolateId","id":100000148}
---

--- 2026-04-26T05:00:16.793Z debug
[InspectorProxyWorker] RUNTIME INCOMING MESSAGE { id: 100000148, result: { id: '4f5797a37bdbf428' } }
---

--- 2026-04-26T05:00:26.792Z debug
[InspectorProxyWorker] SEND TO RUNTIME {"method":"Runtime.getIsolateId","id":100000149}
---

--- 2026-04-26T05:00:26.793Z debug
[InspectorProxyWorker] RUNTIME INCOMING MESSAGE { id: 100000149, result: { id: '4f5797a37bdbf428' } }
---

--- 2026-04-26T05:00:36.795Z debug
[InspectorProxyWorker] SEND TO RUNTIME {"method":"Runtime.getIsolateId","id":100000150}
---

--- 2026-04-26T05:00:36.796Z debug
[InspectorProxyWorker] RUNTIME INCOMING MESSAGE { id: 100000150, result: { id: '4f5797a37bdbf428' } }
---

--- 2026-04-26T05:00:46.791Z debug
[InspectorProxyWorker] SEND TO RUNTIME {"method":"Runtime.getIsolateId","id":100000151}
---

--- 2026-04-26T05:00:46.792Z debug
[InspectorProxyWorker] RUNTIME INCOMING MESSAGE { id: 100000151, result: { id: '4f5797a37bdbf428' } }
---

--- 2026-04-26T05:00:56.794Z debug
[InspectorProxyWorker] SEND TO RUNTIME {"method":"Runtime.getIsolateId","id":100000152}
---

--- 2026-04-26T05:00:56.796Z debug
[InspectorProxyWorker] RUNTIME INCOMING MESSAGE { id: 100000152, result: { id: '4f5797a37bdbf428' } }
---

--- 2026-04-26T05:01:06.794Z debug
[InspectorProxyWorker] SEND TO RUNTIME {"method":"Runtime.getIsolateId","id":100000153}
---

--- 2026-04-26T05:01:06.794Z debug
[InspectorProxyWorker] RUNTIME INCOMING MESSAGE { id: 100000153, result: { id: '4f5797a37bdbf428' } }
---

--- 2026-04-26T05:01:16.794Z debug
[InspectorProxyWorker] SEND TO RUNTIME {"method":"Runtime.getIsolateId","id":100000154}
---

--- 2026-04-26T05:01:16.794Z debug
[InspectorProxyWorker] RUNTIME INCOMING MESSAGE { id: 100000154, result: { id: '4f5797a37bdbf428' } }
---

--- 2026-04-26T05:01:26.793Z debug
[InspectorProxyWorker] SEND TO RUNTIME {"method":"Runtime.getIsolateId","id":100000155}
---

--- 2026-04-26T05:01:26.794Z debug
[InspectorProxyWorker] RUNTIME INCOMING MESSAGE { id: 100000155, result: { id: '4f5797a37bdbf428' } }
---

--- 2026-04-26T05:01:36.792Z debug
[InspectorProxyWorker] SEND TO RUNTIME {"method":"Runtime.getIsolateId","id":100000156}
---

--- 2026-04-26T05:01:36.792Z debug
[InspectorProxyWorker] RUNTIME INCOMING MESSAGE { id: 100000156, result: { id: '4f5797a37bdbf428' } }
---

--- 2026-04-26T05:01:46.793Z debug
[InspectorProxyWorker] SEND TO RUNTIME {"method":"Runtime.getIsolateId","id":100000157}
---

--- 2026-04-26T05:01:46.794Z debug
[InspectorProxyWorker] RUNTIME INCOMING MESSAGE { id: 100000157, result: { id: '4f5797a37bdbf428' } }
---

--- 2026-04-26T05:01:56.794Z debug
[InspectorProxyWorker] SEND TO RUNTIME {"method":"Runtime.getIsolateId","id":100000158}
---

--- 2026-04-26T05:01:56.796Z debug
[InspectorProxyWorker] RUNTIME INCOMING MESSAGE { id: 100000158, result: { id: '4f5797a37bdbf428' } }
---

--- 2026-04-26T05:02:06.794Z debug
[InspectorProxyWorker] SEND TO RUNTIME {"method":"Runtime.getIsolateId","id":100000159}
---

--- 2026-04-26T05:02:06.795Z debug
[InspectorProxyWorker] RUNTIME INCOMING MESSAGE { id: 100000159, result: { id: '4f5797a37bdbf428' } }
---

--- 2026-04-26T05:02:16.792Z debug
[InspectorProxyWorker] SEND TO RUNTIME {"method":"Runtime.getIsolateId","id":100000160}
---

--- 2026-04-26T05:02:16.793Z debug
[InspectorProxyWorker] RUNTIME INCOMING MESSAGE { id: 100000160, result: { id: '4f5797a37bdbf428' } }
---

--- 2026-04-26T05:02:26.814Z debug
[InspectorProxyWorker] SEND TO RUNTIME {"method":"Runtime.getIsolateId","id":100000161}
---

--- 2026-04-26T05:02:26.815Z debug
[InspectorProxyWorker] RUNTIME INCOMING MESSAGE { id: 100000161, result: { id: '4f5797a37bdbf428' } }
---

--- 2026-04-26T05:02:36.794Z debug
[InspectorProxyWorker] SEND TO RUNTIME {"method":"Runtime.getIsolateId","id":100000162}
---

--- 2026-04-26T05:02:36.795Z debug
[InspectorProxyWorker] RUNTIME INCOMING MESSAGE { id: 100000162, result: { id: '4f5797a37bdbf428' } }
---

--- 2026-04-26T05:02:46.793Z debug
[InspectorProxyWorker] SEND TO RUNTIME {"method":"Runtime.getIsolateId","id":100000163}
---

--- 2026-04-26T05:02:46.794Z debug
[InspectorProxyWorker] RUNTIME INCOMING MESSAGE { id: 100000163, result: { id: '4f5797a37bdbf428' } }
---

--- 2026-04-26T05:02:56.792Z debug
[InspectorProxyWorker] SEND TO RUNTIME {"method":"Runtime.getIsolateId","id":100000164}
---

--- 2026-04-26T05:02:56.793Z debug
[InspectorProxyWorker] RUNTIME INCOMING MESSAGE { id: 100000164, result: { id: '4f5797a37bdbf428' } }
---

--- 2026-04-26T05:03:06.793Z debug
[InspectorProxyWorker] SEND TO RUNTIME {"method":"Runtime.getIsolateId","id":100000165}
---

--- 2026-04-26T05:03:06.793Z debug
[InspectorProxyWorker] RUNTIME INCOMING MESSAGE { id: 100000165, result: { id: '4f5797a37bdbf428' } }
---

--- 2026-04-26T05:03:16.793Z debug
[InspectorProxyWorker] SEND TO RUNTIME {"method":"Runtime.getIsolateId","id":100000166}
---

--- 2026-04-26T05:03:16.794Z debug
[InspectorProxyWorker] RUNTIME INCOMING MESSAGE { id: 100000166, result: { id: '4f5797a37bdbf428' } }
---

--- 2026-04-26T05:03:26.794Z debug
[InspectorProxyWorker] SEND TO RUNTIME {"method":"Runtime.getIsolateId","id":100000167}
---

--- 2026-04-26T05:03:26.794Z debug
[InspectorProxyWorker] RUNTIME INCOMING MESSAGE { id: 100000167, result: { id: '4f5797a37bdbf428' } }
---

--- 2026-04-26T05:03:36.793Z debug
[InspectorProxyWorker] SEND TO RUNTIME {"method":"Runtime.getIsolateId","id":100000168}
---

--- 2026-04-26T05:03:36.794Z debug
[InspectorProxyWorker] RUNTIME INCOMING MESSAGE { id: 100000168, result: { id: '4f5797a37bdbf428' } }
---

--- 2026-04-26T05:03:46.789Z debug
[InspectorProxyWorker] SEND TO RUNTIME {"method":"Runtime.getIsolateId","id":100000169}
---

--- 2026-04-26T05:03:46.790Z debug
[InspectorProxyWorker] RUNTIME INCOMING MESSAGE { id: 100000169, result: { id: '4f5797a37bdbf428' } }
---

--- 2026-04-26T05:03:56.789Z debug
[InspectorProxyWorker] SEND TO RUNTIME {"method":"Runtime.getIsolateId","id":100000170}
---

--- 2026-04-26T05:03:56.790Z debug
[InspectorProxyWorker] RUNTIME INCOMING MESSAGE { id: 100000170, result: { id: '4f5797a37bdbf428' } }
---

--- 2026-04-26T05:04:06.793Z debug
[InspectorProxyWorker] SEND TO RUNTIME {"method":"Runtime.getIsolateId","id":100000171}
---

--- 2026-04-26T05:04:06.794Z debug
[InspectorProxyWorker] RUNTIME INCOMING MESSAGE { id: 100000171, result: { id: '4f5797a37bdbf428' } }
---

--- 2026-04-26T05:04:16.790Z debug
[InspectorProxyWorker] SEND TO RUNTIME {"method":"Runtime.getIsolateId","id":100000172}
---

--- 2026-04-26T05:04:16.791Z debug
[InspectorProxyWorker] RUNTIME INCOMING MESSAGE { id: 100000172, result: { id: '4f5797a37bdbf428' } }
---

--- 2026-04-26T05:04:26.792Z debug
[InspectorProxyWorker] SEND TO RUNTIME {"method":"Runtime.getIsolateId","id":100000173}
---

--- 2026-04-26T05:04:26.793Z debug
[InspectorProxyWorker] RUNTIME INCOMING MESSAGE { id: 100000173, result: { id: '4f5797a37bdbf428' } }
---

--- 2026-04-26T05:04:36.793Z debug
[InspectorProxyWorker] SEND TO RUNTIME {"method":"Runtime.getIsolateId","id":100000174}
---

--- 2026-04-26T05:04:36.794Z debug
[InspectorProxyWorker] RUNTIME INCOMING MESSAGE { id: 100000174, result: { id: '4f5797a37bdbf428' } }
---

--- 2026-04-26T05:04:46.790Z debug
[InspectorProxyWorker] SEND TO RUNTIME {"method":"Runtime.getIsolateId","id":100000175}
---

--- 2026-04-26T05:04:46.792Z debug
[InspectorProxyWorker] RUNTIME INCOMING MESSAGE { id: 100000175, result: { id: '4f5797a37bdbf428' } }
---

--- 2026-04-26T05:04:56.794Z debug
[InspectorProxyWorker] SEND TO RUNTIME {"method":"Runtime.getIsolateId","id":100000176}
---

--- 2026-04-26T05:04:56.795Z debug
[InspectorProxyWorker] RUNTIME INCOMING MESSAGE { id: 100000176, result: { id: '4f5797a37bdbf428' } }
---

--- 2026-04-26T05:05:06.796Z debug
[InspectorProxyWorker] SEND TO RUNTIME {"method":"Runtime.getIsolateId","id":100000177}
---

--- 2026-04-26T05:05:06.799Z debug
[InspectorProxyWorker] RUNTIME INCOMING MESSAGE { id: 100000177, result: { id: '4f5797a37bdbf428' } }
---

--- 2026-04-26T05:05:16.794Z debug
[InspectorProxyWorker] SEND TO RUNTIME {"method":"Runtime.getIsolateId","id":100000178}
---

--- 2026-04-26T05:05:16.794Z debug
[InspectorProxyWorker] RUNTIME INCOMING MESSAGE { id: 100000178, result: { id: '4f5797a37bdbf428' } }
---

--- 2026-04-26T05:05:26.792Z debug
[InspectorProxyWorker] SEND TO RUNTIME {"method":"Runtime.getIsolateId","id":100000179}
---

--- 2026-04-26T05:05:26.793Z debug
[InspectorProxyWorker] RUNTIME INCOMING MESSAGE { id: 100000179, result: { id: '4f5797a37bdbf428' } }
---

--- 2026-04-26T05:05:36.793Z debug
[InspectorProxyWorker] SEND TO RUNTIME {"method":"Runtime.getIsolateId","id":100000180}
---

--- 2026-04-26T05:05:36.794Z debug
[InspectorProxyWorker] RUNTIME INCOMING MESSAGE { id: 100000180, result: { id: '4f5797a37bdbf428' } }
---

--- 2026-04-26T05:05:46.789Z debug
[InspectorProxyWorker] SEND TO RUNTIME {"method":"Runtime.getIsolateId","id":100000181}
---

--- 2026-04-26T05:05:46.790Z debug
[InspectorProxyWorker] RUNTIME INCOMING MESSAGE { id: 100000181, result: { id: '4f5797a37bdbf428' } }
---

--- 2026-04-26T05:05:56.810Z debug
[InspectorProxyWorker] SEND TO RUNTIME {"method":"Runtime.getIsolateId","id":100000182}
---

--- 2026-04-26T05:05:56.811Z debug
[InspectorProxyWorker] RUNTIME INCOMING MESSAGE { id: 100000182, result: { id: '4f5797a37bdbf428' } }
---

--- 2026-04-26T05:06:06.791Z debug
[InspectorProxyWorker] SEND TO RUNTIME {"method":"Runtime.getIsolateId","id":100000183}
---

--- 2026-04-26T05:06:06.792Z debug
[InspectorProxyWorker] RUNTIME INCOMING MESSAGE { id: 100000183, result: { id: '4f5797a37bdbf428' } }
---

--- 2026-04-26T05:06:16.793Z debug
[InspectorProxyWorker] SEND TO RUNTIME {"method":"Runtime.getIsolateId","id":100000184}
---

--- 2026-04-26T05:06:16.794Z debug
[InspectorProxyWorker] RUNTIME INCOMING MESSAGE { id: 100000184, result: { id: '4f5797a37bdbf428' } }
---

--- 2026-04-26T05:06:26.788Z debug
[InspectorProxyWorker] SEND TO RUNTIME {"method":"Runtime.getIsolateId","id":100000185}
---

--- 2026-04-26T05:06:26.789Z debug
[InspectorProxyWorker] RUNTIME INCOMING MESSAGE { id: 100000185, result: { id: '4f5797a37bdbf428' } }
---

--- 2026-04-26T05:06:36.794Z debug
[InspectorProxyWorker] SEND TO RUNTIME {"method":"Runtime.getIsolateId","id":100000186}
---

--- 2026-04-26T05:06:36.795Z debug
[InspectorProxyWorker] RUNTIME INCOMING MESSAGE { id: 100000186, result: { id: '4f5797a37bdbf428' } }
---

--- 2026-04-26T05:06:46.794Z debug
[InspectorProxyWorker] SEND TO RUNTIME {"method":"Runtime.getIsolateId","id":100000187}
---

--- 2026-04-26T05:06:46.795Z debug
[InspectorProxyWorker] RUNTIME INCOMING MESSAGE { id: 100000187, result: { id: '4f5797a37bdbf428' } }
---

--- 2026-04-26T05:06:56.792Z debug
[InspectorProxyWorker] SEND TO RUNTIME {"method":"Runtime.getIsolateId","id":100000188}
---

--- 2026-04-26T05:06:56.793Z debug
[InspectorProxyWorker] RUNTIME INCOMING MESSAGE { id: 100000188, result: { id: '4f5797a37bdbf428' } }
---

--- 2026-04-26T05:07:06.794Z debug
[InspectorProxyWorker] SEND TO RUNTIME {"method":"Runtime.getIsolateId","id":100000189}
---

--- 2026-04-26T05:07:06.796Z debug
[InspectorProxyWorker] RUNTIME INCOMING MESSAGE { id: 100000189, result: { id: '4f5797a37bdbf428' } }
---

--- 2026-04-26T05:07:16.793Z debug
[InspectorProxyWorker] SEND TO RUNTIME {"method":"Runtime.getIsolateId","id":100000190}
---

--- 2026-04-26T05:07:16.794Z debug
[InspectorProxyWorker] RUNTIME INCOMING MESSAGE { id: 100000190, result: { id: '4f5797a37bdbf428' } }
---

--- 2026-04-26T05:07:26.792Z debug
[InspectorProxyWorker] SEND TO RUNTIME {"method":"Runtime.getIsolateId","id":100000191}
---

--- 2026-04-26T05:07:26.793Z debug
[InspectorProxyWorker] RUNTIME INCOMING MESSAGE { id: 100000191, result: { id: '4f5797a37bdbf428' } }
---

--- 2026-04-26T05:07:36.794Z debug
[InspectorProxyWorker] SEND TO RUNTIME {"method":"Runtime.getIsolateId","id":100000192}
---

--- 2026-04-26T05:07:36.794Z debug
[InspectorProxyWorker] RUNTIME INCOMING MESSAGE { id: 100000192, result: { id: '4f5797a37bdbf428' } }
---

--- 2026-04-26T05:07:46.793Z debug
[InspectorProxyWorker] SEND TO RUNTIME {"method":"Runtime.getIsolateId","id":100000193}
---

--- 2026-04-26T05:07:46.794Z debug
[InspectorProxyWorker] RUNTIME INCOMING MESSAGE { id: 100000193, result: { id: '4f5797a37bdbf428' } }
---

--- 2026-04-26T05:07:56.790Z debug
[InspectorProxyWorker] SEND TO RUNTIME {"method":"Runtime.getIsolateId","id":100000194}
---

--- 2026-04-26T05:07:56.791Z debug
[InspectorProxyWorker] RUNTIME INCOMING MESSAGE { id: 100000194, result: { id: '4f5797a37bdbf428' } }
---

--- 2026-04-26T05:08:06.793Z debug
[InspectorProxyWorker] SEND TO RUNTIME {"method":"Runtime.getIsolateId","id":100000195}
---

--- 2026-04-26T05:08:06.794Z debug
[InspectorProxyWorker] RUNTIME INCOMING MESSAGE { id: 100000195, result: { id: '4f5797a37bdbf428' } }
---

--- 2026-04-26T05:08:16.792Z debug
[InspectorProxyWorker] SEND TO RUNTIME {"method":"Runtime.getIsolateId","id":100000196}
---

--- 2026-04-26T05:08:16.793Z debug
[InspectorProxyWorker] RUNTIME INCOMING MESSAGE { id: 100000196, result: { id: '4f5797a37bdbf428' } }
---

--- 2026-04-26T05:08:26.794Z debug
[InspectorProxyWorker] SEND TO RUNTIME {"method":"Runtime.getIsolateId","id":100000197}
---

--- 2026-04-26T05:08:26.794Z debug
[InspectorProxyWorker] RUNTIME INCOMING MESSAGE { id: 100000197, result: { id: '4f5797a37bdbf428' } }
---

--- 2026-04-26T05:08:36.793Z debug
[InspectorProxyWorker] SEND TO RUNTIME {"method":"Runtime.getIsolateId","id":100000198}
---

--- 2026-04-26T05:08:36.794Z debug
[InspectorProxyWorker] RUNTIME INCOMING MESSAGE { id: 100000198, result: { id: '4f5797a37bdbf428' } }
---

--- 2026-04-26T05:08:46.793Z debug
[InspectorProxyWorker] SEND TO RUNTIME {"method":"Runtime.getIsolateId","id":100000199}
---

--- 2026-04-26T05:08:46.794Z debug
[InspectorProxyWorker] RUNTIME INCOMING MESSAGE { id: 100000199, result: { id: '4f5797a37bdbf428' } }
---

--- 2026-04-26T05:08:56.789Z debug
[InspectorProxyWorker] SEND TO RUNTIME {"method":"Runtime.getIsolateId","id":100000200}
---

--- 2026-04-26T05:08:56.790Z debug
[InspectorProxyWorker] RUNTIME INCOMING MESSAGE { id: 100000200, result: { id: '4f5797a37bdbf428' } }
---

--- 2026-04-26T05:09:06.792Z debug
[InspectorProxyWorker] SEND TO RUNTIME {"method":"Runtime.getIsolateId","id":100000201}
---

--- 2026-04-26T05:09:06.793Z debug
[InspectorProxyWorker] RUNTIME INCOMING MESSAGE { id: 100000201, result: { id: '4f5797a37bdbf428' } }
---

--- 2026-04-26T05:09:16.794Z debug
[InspectorProxyWorker] SEND TO RUNTIME {"method":"Runtime.getIsolateId","id":100000202}
---

--- 2026-04-26T05:09:16.795Z debug
[InspectorProxyWorker] RUNTIME INCOMING MESSAGE { id: 100000202, result: { id: '4f5797a37bdbf428' } }
---

--- 2026-04-26T05:09:26.791Z debug
[InspectorProxyWorker] SEND TO RUNTIME {"method":"Runtime.getIsolateId","id":100000203}
---

--- 2026-04-26T05:09:26.792Z debug
[InspectorProxyWorker] RUNTIME INCOMING MESSAGE { id: 100000203, result: { id: '4f5797a37bdbf428' } }
---

--- 2026-04-26T05:09:36.793Z debug
[InspectorProxyWorker] SEND TO RUNTIME {"method":"Runtime.getIsolateId","id":100000204}
---

--- 2026-04-26T05:09:36.796Z debug
[InspectorProxyWorker] RUNTIME INCOMING MESSAGE { id: 100000204, result: { id: '4f5797a37bdbf428' } }
---

--- 2026-04-26T05:09:46.792Z debug
[InspectorProxyWorker] SEND TO RUNTIME {"method":"Runtime.getIsolateId","id":100000205}
---

--- 2026-04-26T05:09:46.793Z debug
[InspectorProxyWorker] RUNTIME INCOMING MESSAGE { id: 100000205, result: { id: '4f5797a37bdbf428' } }
---

--- 2026-04-26T05:09:56.789Z debug
[InspectorProxyWorker] SEND TO RUNTIME {"method":"Runtime.getIsolateId","id":100000206}
---

--- 2026-04-26T05:09:56.790Z debug
[InspectorProxyWorker] RUNTIME INCOMING MESSAGE { id: 100000206, result: { id: '4f5797a37bdbf428' } }
---

--- 2026-04-26T05:10:06.792Z debug
[InspectorProxyWorker] SEND TO RUNTIME {"method":"Runtime.getIsolateId","id":100000207}
---

--- 2026-04-26T05:10:06.793Z debug
[InspectorProxyWorker] RUNTIME INCOMING MESSAGE { id: 100000207, result: { id: '4f5797a37bdbf428' } }
---

--- 2026-04-26T05:10:16.792Z debug
[InspectorProxyWorker] SEND TO RUNTIME {"method":"Runtime.getIsolateId","id":100000208}
---

--- 2026-04-26T05:10:16.793Z debug
[InspectorProxyWorker] RUNTIME INCOMING MESSAGE { id: 100000208, result: { id: '4f5797a37bdbf428' } }
---

--- 2026-04-26T05:10:26.813Z debug
[InspectorProxyWorker] SEND TO RUNTIME {"method":"Runtime.getIsolateId","id":100000209}
---

--- 2026-04-26T05:10:26.813Z debug
[InspectorProxyWorker] RUNTIME INCOMING MESSAGE { id: 100000209, result: { id: '4f5797a37bdbf428' } }
---

--- 2026-04-26T05:10:36.790Z debug
[InspectorProxyWorker] SEND TO RUNTIME {"method":"Runtime.getIsolateId","id":100000210}
---

--- 2026-04-26T05:10:36.790Z debug
[InspectorProxyWorker] RUNTIME INCOMING MESSAGE { id: 100000210, result: { id: '4f5797a37bdbf428' } }
---

--- 2026-04-26T05:10:46.793Z debug
[InspectorProxyWorker] SEND TO RUNTIME {"method":"Runtime.getIsolateId","id":100000211}
---

--- 2026-04-26T05:10:46.794Z debug
[InspectorProxyWorker] RUNTIME INCOMING MESSAGE { id: 100000211, result: { id: '4f5797a37bdbf428' } }
---

--- 2026-04-26T05:10:56.793Z debug
[InspectorProxyWorker] SEND TO RUNTIME {"method":"Runtime.getIsolateId","id":100000212}
---

--- 2026-04-26T05:10:56.794Z debug
[InspectorProxyWorker] RUNTIME INCOMING MESSAGE { id: 100000212, result: { id: '4f5797a37bdbf428' } }
---

--- 2026-04-26T05:11:06.793Z debug
[InspectorProxyWorker] SEND TO RUNTIME {"method":"Runtime.getIsolateId","id":100000213}
---

--- 2026-04-26T05:11:06.794Z debug
[InspectorProxyWorker] RUNTIME INCOMING MESSAGE { id: 100000213, result: { id: '4f5797a37bdbf428' } }
---

--- 2026-04-26T05:11:16.793Z debug
[InspectorProxyWorker] SEND TO RUNTIME {"method":"Runtime.getIsolateId","id":100000214}
---

--- 2026-04-26T05:11:16.794Z debug
[InspectorProxyWorker] RUNTIME INCOMING MESSAGE { id: 100000214, result: { id: '4f5797a37bdbf428' } }
---

--- 2026-04-26T05:11:26.793Z debug
[InspectorProxyWorker] SEND TO RUNTIME {"method":"Runtime.getIsolateId","id":100000215}
---

--- 2026-04-26T05:11:26.794Z debug
[InspectorProxyWorker] RUNTIME INCOMING MESSAGE { id: 100000215, result: { id: '4f5797a37bdbf428' } }
---

--- 2026-04-26T05:11:36.792Z debug
[InspectorProxyWorker] SEND TO RUNTIME {"method":"Runtime.getIsolateId","id":100000216}
---

--- 2026-04-26T05:11:36.793Z debug
[InspectorProxyWorker] RUNTIME INCOMING MESSAGE { id: 100000216, result: { id: '4f5797a37bdbf428' } }
---

--- 2026-04-26T05:11:46.791Z debug
[InspectorProxyWorker] SEND TO RUNTIME {"method":"Runtime.getIsolateId","id":100000217}
---

--- 2026-04-26T05:11:46.792Z debug
[InspectorProxyWorker] RUNTIME INCOMING MESSAGE { id: 100000217, result: { id: '4f5797a37bdbf428' } }
---
